#
# A fatal error has been detected by the Java Runtime Environment:
#
#  EXCEPTION_ACCESS_VIOLATION (0xc0000005) at pc=0x000000007110b5db, pid=16456, tid=7528
#
# JRE version: OpenJDK Runtime Environment (18.0.1.1+2) (build 18.0.1.1+2-6)
# Java VM: OpenJDK 64-Bit Server VM (18.0.1.1+2-6, mixed mode, sharing, tiered, compressed oops, compressed class ptrs, g1 gc, windows-amd64)
# Problematic frame:
# C  [jSSC-2.8_x86_64.dll+0xb5db]
#
# No core dump will be written. Minidumps are not enabled by default on client versions of Windows
#
# If you would like to submit a bug report, please visit:
#   https://bugreport.java.com/bugreport/crash.jsp
# The crash happened outside the Java Virtual Machine in native code.
# See problematic frame for where to report the bug.
#

---------------  S U M M A R Y ------------

Command Line: -Dfile.encoding=windows-1252 -Duser.country=IT -Duser.language=it -Duser.variant Test

Host: Intel(R) Core(TM) i5-8265U CPU @ 1.60GHz, 8 cores, 7G,  Windows 10 , 64 bit Build 19041 (10.0.19041.1741)
Time: Wed Jun 29 14:54:43 2022 ora legale Europa occidentale elapsed time: 0.070582 seconds (0d 0h 0m 0s)

---------------  T H R E A D  ---------------

Current thread (0x0000027d1d50e360):  JavaThread "main" [_thread_in_native, id=7528, stack(0x000000f6ae200000,0x000000f6ae300000)]

Stack: [0x000000f6ae200000,0x000000f6ae300000],  sp=0x000000f6ae2feeb0,  free space=1019k
Native frames: (J=compiled Java code, j=interpreted, Vv=VM code, C=native code)
C  [jSSC-2.8_x86_64.dll+0xb5db]

Java frames: (J=compiled Java code, j=interpreted, Vv=VM code)
j  jssc.SerialNativeInterface.openPort(Ljava/lang/String;Z)J+0
j  jssc.SerialPort.openPort()Z+65
j  SerialCommChannel.<init>(Ljava/lang/String;I)V+46
j  Test.main([Ljava/lang/String;)V+9
v  ~StubRoutines::call_stub

siginfo: EXCEPTION_ACCESS_VIOLATION (0xc0000005), reading address 0x000000001b6c1bfd


Register to memory mapping:

RIP=0x000000007110b5db jSSC-2.8_x86_64.dll
RAX=0x000000001b6c1bfd is an unknown value
RBX=0x000000f6ae2fef20 is pointing into the stack for thread: 0x0000027d1d50e360
RCX=0x00007fffcbeecf24 ntdll.dll
RDX=0x0 is NULL
RSP=0x000000f6ae2feeb0 is pointing into the stack for thread: 0x0000027d1d50e360
RBP=0x000000f6ae2ff030 is pointing into the stack for thread: 0x0000027d1d50e360
RSI=0x0000027d1d50e5f0 points into unknown readable memory: 0x00007fff50203720 | 20 37 20 50 ff 7f 00 00
RDI=0x000000000000041c is an unknown value
R8 =0x000000f6ae2feda8 is pointing into the stack for thread: 0x0000027d1d50e360
R9 =0x000000f6ae2feea0 is pointing into the stack for thread: 0x0000027d1d50e360
R10=0x0 is NULL
R11=0x0000000000000246 is an unknown value
R12=0x000000f6ae2ff0f0 is pointing into the stack for thread: 0x0000027d1d50e360
R13=0x0000027d3fa0f2d0 points into unknown readable memory: 0x00000000334d4f43 | 43 4f 4d 33 00 00 00 00
R14=0x000000f6ae2fefe0 is pointing into the stack for thread: 0x0000027d1d50e360
R15=0x0000027d1d50e360 is a thread


Registers:
RAX=0x000000001b6c1bfd, RBX=0x000000f6ae2fef20, RCX=0x00007fffcbeecf24, RDX=0x0000000000000000
RSP=0x000000f6ae2feeb0, RBP=0x000000f6ae2ff030, RSI=0x0000027d1d50e5f0, RDI=0x000000000000041c
R8 =0x000000f6ae2feda8, R9 =0x000000f6ae2feea0, R10=0x0000000000000000, R11=0x0000000000000246
R12=0x000000f6ae2ff0f0, R13=0x0000027d3fa0f2d0, R14=0x000000f6ae2fefe0, R15=0x0000027d1d50e360
RIP=0x000000007110b5db, EFLAGS=0x0000000000010202

Top of Stack: (sp=0x000000f6ae2feeb0)
0x000000f6ae2feeb0:   0000027d3fa41f40 00007fffcbe747b1
0x000000f6ae2feec0:   000000007110b230 0000027d1b3f0000
0x000000f6ae2feed0:   0000027d1d50e360 0000000000000004
0x000000f6ae2feee0:   0000027d1d50e5f0 000000000000041c
0x000000f6ae2feef0:   000000f6ae2ff030 0000000071112590
0x000000f6ae2fef00:   000000f6ae2fef60 0000027d1b3f0000
0x000000f6ae2fef10:   000000f6ae2ff030 0000000000000000
0x000000f6ae2fef20:   0000000000000000 00007fffc9739cfc
0x000000f6ae2fef30:   000000000000041c 00007fffc957f05b
0x000000f6ae2fef40:   0000027d3fa0f2d0 0000027d1d50e5f0
0x000000f6ae2fef50:   0000000071113500 0000000071113be8
0x000000f6ae2fef60:   000000f6ae2fef90 0000000071112641
0x000000f6ae2fef70:   000000f6ae2fef00 0000000000000000
0x000000f6ae2fef80:   0000000000000000 0000000000000000
0x000000f6ae2fef90:   000000f6ae2ff030 0000000071101595
0x000000f6ae2fefa0:   000000000000001c 0000027d1d50e5f0 

Instructions: (pc=0x000000007110b5db)
0x000000007110b4db:   48 85 c0 74 bf 44 8b 03 45 85 c0 0f 84 77 ff ff
0x000000007110b4eb:   ff eb 9f 66 90 e8 8b fe ff ff 48 89 05 0c 34 01
0x000000007110b4fb:   00 eb ad 66 90 e8 7b fe ff ff 48 89 05 fc 33 01
0x000000007110b50b:   00 eb 8b e8 8d fe ff ff c7 03 01 00 00 00 e9 6f
0x000000007110b51b:   ff ff ff 66 90 55 48 89 e5 56 53 48 83 ec 20 48
0x000000007110b52b:   8b 05 d7 33 01 00 48 8b 31 48 89 cb 48 85 c0 74
0x000000007110b53b:   56 44 8b 18 45 85 db 78 42 48 8b 05 bd 33 01 00
0x000000007110b54b:   48 85 c0 74 50 44 8b 10 45 85 d2 74 1d 48 89 f1
0x000000007110b55b:   e8 d0 fd ff ff 48 8b 13 48 8d 42 40 48 8b 48 08
0x000000007110b56b:   48 8b 6a 40 48 8b 60 10 ff e1 48 8b 05 9c 33 01
0x000000007110b57b:   00 48 85 c0 74 2d 48 89 30 eb da e8 b5 fe ff ff
0x000000007110b58b:   0f 1f 44 00 00 eb b2 e8 e9 fd ff ff 48 89 05 6a
0x000000007110b59b:   33 01 00 eb 9c e8 db fd ff ff 48 89 05 5c 33 01
0x000000007110b5ab:   00 eb a2 e8 3d fd ff ff 48 89 05 5e 33 01 00 eb
0x000000007110b5bb:   c5 0f 1f 40 00 55 57 56 53 48 83 ec 28 48 8b 05
0x000000007110b5cb:   39 33 01 00 48 89 cb 48 85 c0 0f 84 c5 00 00 00
0x000000007110b5db:   8b 38 85 ff 0f 88 ab 00 00 00 48 8b 05 1c 33 01
0x000000007110b5eb:   00 48 85 c0 0f 84 bc 00 00 00 8b 30 85 f6 74 57
0x000000007110b5fb:   48 8b 05 0e 33 01 00 48 85 c0 0f 84 e5 00 00 00
0x000000007110b60b:   8b 28 48 8b 35 10 5e 01 00 ff d6 89 c7 89 e9 ff
0x000000007110b61b:   15 f4 5e 01 00 89 f9 48 89 c5 ff 15 b9 5e 01 00
0x000000007110b62b:   48 8b 05 de 32 01 00 48 89 2b 48 85 c0 74 46 48
0x000000007110b63b:   89 da 8b 08 ff 15 d7 5e 01 00 85 c0 74 27 48 83
0x000000007110b64b:   c4 28 5b 5e 5f 5d c3 48 8b 05 bf 32 01 00 48 85
0x000000007110b65b:   c0 74 64 48 8b 10 48 89 13 48 89 18 48 83 c4 28
0x000000007110b66b:   5b 5e 5f 5d c3 48 89 f2 48 83 c4 28 5b 5e 5f 5d
0x000000007110b67b:   48 ff e2 66 90 e8 8b fc ff ff 48 89 05 84 32 01
0x000000007110b68b:   00 eb ac 66 90 e8 ab fd ff ff e9 4b ff ff ff 66
0x000000007110b69b:   0f 1f 44 00 00 e8 db fc ff ff 48 89 05 5c 32 01
0x000000007110b6ab:   00 e9 2a ff ff ff e8 ca fc ff ff 48 89 05 4b 32
0x000000007110b6bb:   01 00 e9 33 ff ff ff e8 29 fc ff ff 48 89 05 4a
0x000000007110b6cb:   32 01 00 48 8b 10 48 85 c0 48 89 13 75 8b e8 12 


Stack slot to memory mapping:
stack at sp + 0 slots: 0x0000027d3fa41f40 points into unknown readable memory: 0x005c002e005c005c | 5c 00 5c 00 2e 00 5c 00
stack at sp + 1 slots: 0x00007fffcbe747b1 ntdll.dll
stack at sp + 2 slots: 0x000000007110b230 jSSC-2.8_x86_64.dll
stack at sp + 3 slots: 0x0000027d1b3f0000 points into unknown readable memory: 0x0000000000000000 | 00 00 00 00 00 00 00 00
stack at sp + 4 slots: 0x0000027d1d50e360 is a thread
stack at sp + 5 slots: 0x0000000000000004 is an unknown value
stack at sp + 6 slots: 0x0000027d1d50e5f0 points into unknown readable memory: 0x00007fff50203720 | 20 37 20 50 ff 7f 00 00
stack at sp + 7 slots: 0x000000000000041c is an unknown value


---------------  P R O C E S S  ---------------

Threads class SMR info:
_java_thread_list=0x0000027d3fa06670, length=12, elements={
0x0000027d1d50e360, 0x0000027d3b6aa3d0, 0x0000027d3b6ab030, 0x0000027d3b6c1650,
0x0000027d3b6c3000, 0x0000027d3b6c69c0, 0x0000027d3b6c7360, 0x0000027d3b6cb530,
0x0000027d3b6d5330, 0x0000027d3b6ea530, 0x0000027d3f9e2ff0, 0x0000027d3fa06b50
}

Java Threads: ( => current thread )
=>0x0000027d1d50e360 JavaThread "main" [_thread_in_native, id=7528, stack(0x000000f6ae200000,0x000000f6ae300000)]
  0x0000027d3b6aa3d0 JavaThread "Reference Handler" daemon [_thread_blocked, id=16204, stack(0x000000f6ae900000,0x000000f6aea00000)]
  0x0000027d3b6ab030 JavaThread "Finalizer" daemon [_thread_blocked, id=976, stack(0x000000f6aea00000,0x000000f6aeb00000)]
  0x0000027d3b6c1650 JavaThread "Signal Dispatcher" daemon [_thread_blocked, id=12984, stack(0x000000f6aeb00000,0x000000f6aec00000)]
  0x0000027d3b6c3000 JavaThread "Attach Listener" daemon [_thread_blocked, id=4724, stack(0x000000f6aec00000,0x000000f6aed00000)]
  0x0000027d3b6c69c0 JavaThread "Service Thread" daemon [_thread_blocked, id=9616, stack(0x000000f6aed00000,0x000000f6aee00000)]
  0x0000027d3b6c7360 JavaThread "Monitor Deflation Thread" daemon [_thread_blocked, id=10988, stack(0x000000f6aee00000,0x000000f6aef00000)]
  0x0000027d3b6cb530 JavaThread "C2 CompilerThread0" daemon [_thread_blocked, id=2056, stack(0x000000f6aef00000,0x000000f6af000000)]
  0x0000027d3b6d5330 JavaThread "C1 CompilerThread0" daemon [_thread_blocked, id=20784, stack(0x000000f6af000000,0x000000f6af100000)]
  0x0000027d3b6ea530 JavaThread "Sweeper thread" daemon [_thread_blocked, id=16788, stack(0x000000f6af100000,0x000000f6af200000)]
  0x0000027d3f9e2ff0 JavaThread "Notification Thread" daemon [_thread_blocked, id=1592, stack(0x000000f6af200000,0x000000f6af300000)]
  0x0000027d3fa06b50 JavaThread "Common-Cleaner" daemon [_thread_blocked, id=13188, stack(0x000000f6af400000,0x000000f6af500000)]

Other Threads:
  0x0000027d3b6a6fd0 VMThread "VM Thread" [stack: 0x000000f6ae800000,0x000000f6ae900000] [id=4384]
  0x0000027d3fa058d0 WatcherThread "VM Periodic Task Thread" [stack: 0x000000f6af300000,0x000000f6af400000] [id=14768]
  0x0000027d1d570ff0 WorkerThread "GC Thread#0" [stack: 0x000000f6ae300000,0x000000f6ae400000] [id=19312]
  0x0000027d1d582bb0 ConcurrentGCThread "G1 Main Marker" [stack: 0x000000f6ae400000,0x000000f6ae500000] [id=1748]
  0x0000027d1d584d50 WorkerThread "G1 Conc#0" [stack: 0x000000f6ae500000,0x000000f6ae600000] [id=15004]
  0x0000027d1d5dec50 ConcurrentGCThread "G1 Refine#0" [stack: 0x000000f6ae600000,0x000000f6ae700000] [id=8]
  0x0000027d3b55e7a0 ConcurrentGCThread "G1 Service" [stack: 0x000000f6ae700000,0x000000f6ae800000] [id=7576]

Threads with active compile tasks:

VM state: not at safepoint (normal execution)

VM Mutex/Monitor currently owned by a thread: None

Heap address: 0x0000000081c00000, size: 2020 MB, Compressed Oops mode: 32-bit

CDS archive(s) mapped at: [0x0000000800000000-0x0000000800b90000-0x0000000800b90000), size 12124160, SharedBaseAddress: 0x0000000800000000, ArchiveRelocationMode: 0.
Compressed class space mapped at: 0x0000000800c00000-0x0000000840c00000, reserved size: 1073741824
Narrow klass base: 0x0000000800000000, Narrow klass shift: 0, Narrow klass range: 0x100000000

GC Precious Log:
 CardTable entry size: 512
 Card Set container configuration: InlinePtr #cards 5 size 8 Array Of Cards #cards 12 size 40 Howl #buckets 4 coarsen threshold 1843 Howl Bitmap #cards 512 size 80 coarsen threshold 460 Card regions per heap region 1 cards per card region 2048
 CPUs: 8 total, 8 available
 Memory: 8078M
 Large Page Support: Disabled
 NUMA Support: Disabled
 Compressed Oops: Enabled (32-bit)
 Heap Region Size: 1M
 Heap Min Capacity: 8M
 Heap Initial Capacity: 128M
 Heap Max Capacity: 2020M
 Pre-touch: Disabled
 Parallel Workers: 8
 Concurrent Workers: 2
 Concurrent Refinement Workers: 8
 Periodic GC: Disabled

Heap:
 garbage-first heap   total 131072K, used 1024K [0x0000000081c00000, 0x0000000100000000)
  region size 1024K, 2 young (2048K), 0 survivors (0K)
 Metaspace       used 326K, committed 448K, reserved 1114112K
  class space    used 23K, committed 128K, reserved 1048576K

Heap Regions: E=young(eden), S=young(survivor), O=old, HS=humongous(starts), HC=humongous(continues), CS=collection set, F=free, OA=open archive, CA=closed archive, TAMS=top-at-mark-start (previous, next)
|   0|0x0000000081c00000, 0x0000000081c00000, 0x0000000081d00000|  0%| F|  |TAMS 0x0000000081c00000, 0x0000000081c00000| Untracked 
|   1|0x0000000081d00000, 0x0000000081d00000, 0x0000000081e00000|  0%| F|  |TAMS 0x0000000081d00000, 0x0000000081d00000| Untracked 
|   2|0x0000000081e00000, 0x0000000081e00000, 0x0000000081f00000|  0%| F|  |TAMS 0x0000000081e00000, 0x0000000081e00000| Untracked 
|   3|0x0000000081f00000, 0x0000000081f00000, 0x0000000082000000|  0%| F|  |TAMS 0x0000000081f00000, 0x0000000081f00000| Untracked 
|   4|0x0000000082000000, 0x0000000082000000, 0x0000000082100000|  0%| F|  |TAMS 0x0000000082000000, 0x0000000082000000| Untracked 
|   5|0x0000000082100000, 0x0000000082100000, 0x0000000082200000|  0%| F|  |TAMS 0x0000000082100000, 0x0000000082100000| Untracked 
|   6|0x0000000082200000, 0x0000000082200000, 0x0000000082300000|  0%| F|  |TAMS 0x0000000082200000, 0x0000000082200000| Untracked 
|   7|0x0000000082300000, 0x0000000082300000, 0x0000000082400000|  0%| F|  |TAMS 0x0000000082300000, 0x0000000082300000| Untracked 
|   8|0x0000000082400000, 0x0000000082400000, 0x0000000082500000|  0%| F|  |TAMS 0x0000000082400000, 0x0000000082400000| Untracked 
|   9|0x0000000082500000, 0x0000000082500000, 0x0000000082600000|  0%| F|  |TAMS 0x0000000082500000, 0x0000000082500000| Untracked 
|  10|0x0000000082600000, 0x0000000082600000, 0x0000000082700000|  0%| F|  |TAMS 0x0000000082600000, 0x0000000082600000| Untracked 
|  11|0x0000000082700000, 0x0000000082700000, 0x0000000082800000|  0%| F|  |TAMS 0x0000000082700000, 0x0000000082700000| Untracked 
|  12|0x0000000082800000, 0x0000000082800000, 0x0000000082900000|  0%| F|  |TAMS 0x0000000082800000, 0x0000000082800000| Untracked 
|  13|0x0000000082900000, 0x0000000082900000, 0x0000000082a00000|  0%| F|  |TAMS 0x0000000082900000, 0x0000000082900000| Untracked 
|  14|0x0000000082a00000, 0x0000000082a00000, 0x0000000082b00000|  0%| F|  |TAMS 0x0000000082a00000, 0x0000000082a00000| Untracked 
|  15|0x0000000082b00000, 0x0000000082b00000, 0x0000000082c00000|  0%| F|  |TAMS 0x0000000082b00000, 0x0000000082b00000| Untracked 
|  16|0x0000000082c00000, 0x0000000082c00000, 0x0000000082d00000|  0%| F|  |TAMS 0x0000000082c00000, 0x0000000082c00000| Untracked 
|  17|0x0000000082d00000, 0x0000000082d00000, 0x0000000082e00000|  0%| F|  |TAMS 0x0000000082d00000, 0x0000000082d00000| Untracked 
|  18|0x0000000082e00000, 0x0000000082e00000, 0x0000000082f00000|  0%| F|  |TAMS 0x0000000082e00000, 0x0000000082e00000| Untracked 
|  19|0x0000000082f00000, 0x0000000082f00000, 0x0000000083000000|  0%| F|  |TAMS 0x0000000082f00000, 0x0000000082f00000| Untracked 
|  20|0x0000000083000000, 0x0000000083000000, 0x0000000083100000|  0%| F|  |TAMS 0x0000000083000000, 0x0000000083000000| Untracked 
|  21|0x0000000083100000, 0x0000000083100000, 0x0000000083200000|  0%| F|  |TAMS 0x0000000083100000, 0x0000000083100000| Untracked 
|  22|0x0000000083200000, 0x0000000083200000, 0x0000000083300000|  0%| F|  |TAMS 0x0000000083200000, 0x0000000083200000| Untracked 
|  23|0x0000000083300000, 0x0000000083300000, 0x0000000083400000|  0%| F|  |TAMS 0x0000000083300000, 0x0000000083300000| Untracked 
|  24|0x0000000083400000, 0x0000000083400000, 0x0000000083500000|  0%| F|  |TAMS 0x0000000083400000, 0x0000000083400000| Untracked 
|  25|0x0000000083500000, 0x0000000083500000, 0x0000000083600000|  0%| F|  |TAMS 0x0000000083500000, 0x0000000083500000| Untracked 
|  26|0x0000000083600000, 0x0000000083600000, 0x0000000083700000|  0%| F|  |TAMS 0x0000000083600000, 0x0000000083600000| Untracked 
|  27|0x0000000083700000, 0x0000000083700000, 0x0000000083800000|  0%| F|  |TAMS 0x0000000083700000, 0x0000000083700000| Untracked 
|  28|0x0000000083800000, 0x0000000083800000, 0x0000000083900000|  0%| F|  |TAMS 0x0000000083800000, 0x0000000083800000| Untracked 
|  29|0x0000000083900000, 0x0000000083900000, 0x0000000083a00000|  0%| F|  |TAMS 0x0000000083900000, 0x0000000083900000| Untracked 
|  30|0x0000000083a00000, 0x0000000083a00000, 0x0000000083b00000|  0%| F|  |TAMS 0x0000000083a00000, 0x0000000083a00000| Untracked 
|  31|0x0000000083b00000, 0x0000000083b00000, 0x0000000083c00000|  0%| F|  |TAMS 0x0000000083b00000, 0x0000000083b00000| Untracked 
|  32|0x0000000083c00000, 0x0000000083c00000, 0x0000000083d00000|  0%| F|  |TAMS 0x0000000083c00000, 0x0000000083c00000| Untracked 
|  33|0x0000000083d00000, 0x0000000083d00000, 0x0000000083e00000|  0%| F|  |TAMS 0x0000000083d00000, 0x0000000083d00000| Untracked 
|  34|0x0000000083e00000, 0x0000000083e00000, 0x0000000083f00000|  0%| F|  |TAMS 0x0000000083e00000, 0x0000000083e00000| Untracked 
|  35|0x0000000083f00000, 0x0000000083f00000, 0x0000000084000000|  0%| F|  |TAMS 0x0000000083f00000, 0x0000000083f00000| Untracked 
|  36|0x0000000084000000, 0x0000000084000000, 0x0000000084100000|  0%| F|  |TAMS 0x0000000084000000, 0x0000000084000000| Untracked 
|  37|0x0000000084100000, 0x0000000084100000, 0x0000000084200000|  0%| F|  |TAMS 0x0000000084100000, 0x0000000084100000| Untracked 
|  38|0x0000000084200000, 0x0000000084200000, 0x0000000084300000|  0%| F|  |TAMS 0x0000000084200000, 0x0000000084200000| Untracked 
|  39|0x0000000084300000, 0x0000000084300000, 0x0000000084400000|  0%| F|  |TAMS 0x0000000084300000, 0x0000000084300000| Untracked 
|  40|0x0000000084400000, 0x0000000084400000, 0x0000000084500000|  0%| F|  |TAMS 0x0000000084400000, 0x0000000084400000| Untracked 
|  41|0x0000000084500000, 0x0000000084500000, 0x0000000084600000|  0%| F|  |TAMS 0x0000000084500000, 0x0000000084500000| Untracked 
|  42|0x0000000084600000, 0x0000000084600000, 0x0000000084700000|  0%| F|  |TAMS 0x0000000084600000, 0x0000000084600000| Untracked 
|  43|0x0000000084700000, 0x0000000084700000, 0x0000000084800000|  0%| F|  |TAMS 0x0000000084700000, 0x0000000084700000| Untracked 
|  44|0x0000000084800000, 0x0000000084800000, 0x0000000084900000|  0%| F|  |TAMS 0x0000000084800000, 0x0000000084800000| Untracked 
|  45|0x0000000084900000, 0x0000000084900000, 0x0000000084a00000|  0%| F|  |TAMS 0x0000000084900000, 0x0000000084900000| Untracked 
|  46|0x0000000084a00000, 0x0000000084a00000, 0x0000000084b00000|  0%| F|  |TAMS 0x0000000084a00000, 0x0000000084a00000| Untracked 
|  47|0x0000000084b00000, 0x0000000084b00000, 0x0000000084c00000|  0%| F|  |TAMS 0x0000000084b00000, 0x0000000084b00000| Untracked 
|  48|0x0000000084c00000, 0x0000000084c00000, 0x0000000084d00000|  0%| F|  |TAMS 0x0000000084c00000, 0x0000000084c00000| Untracked 
|  49|0x0000000084d00000, 0x0000000084d00000, 0x0000000084e00000|  0%| F|  |TAMS 0x0000000084d00000, 0x0000000084d00000| Untracked 
|  50|0x0000000084e00000, 0x0000000084e00000, 0x0000000084f00000|  0%| F|  |TAMS 0x0000000084e00000, 0x0000000084e00000| Untracked 
|  51|0x0000000084f00000, 0x0000000084f00000, 0x0000000085000000|  0%| F|  |TAMS 0x0000000084f00000, 0x0000000084f00000| Untracked 
|  52|0x0000000085000000, 0x0000000085000000, 0x0000000085100000|  0%| F|  |TAMS 0x0000000085000000, 0x0000000085000000| Untracked 
|  53|0x0000000085100000, 0x0000000085100000, 0x0000000085200000|  0%| F|  |TAMS 0x0000000085100000, 0x0000000085100000| Untracked 
|  54|0x0000000085200000, 0x0000000085200000, 0x0000000085300000|  0%| F|  |TAMS 0x0000000085200000, 0x0000000085200000| Untracked 
|  55|0x0000000085300000, 0x0000000085300000, 0x0000000085400000|  0%| F|  |TAMS 0x0000000085300000, 0x0000000085300000| Untracked 
|  56|0x0000000085400000, 0x0000000085400000, 0x0000000085500000|  0%| F|  |TAMS 0x0000000085400000, 0x0000000085400000| Untracked 
|  57|0x0000000085500000, 0x0000000085500000, 0x0000000085600000|  0%| F|  |TAMS 0x0000000085500000, 0x0000000085500000| Untracked 
|  58|0x0000000085600000, 0x0000000085600000, 0x0000000085700000|  0%| F|  |TAMS 0x0000000085600000, 0x0000000085600000| Untracked 
|  59|0x0000000085700000, 0x0000000085700000, 0x0000000085800000|  0%| F|  |TAMS 0x0000000085700000, 0x0000000085700000| Untracked 
|  60|0x0000000085800000, 0x0000000085800000, 0x0000000085900000|  0%| F|  |TAMS 0x0000000085800000, 0x0000000085800000| Untracked 
|  61|0x0000000085900000, 0x0000000085900000, 0x0000000085a00000|  0%| F|  |TAMS 0x0000000085900000, 0x0000000085900000| Untracked 
|  62|0x0000000085a00000, 0x0000000085a00000, 0x0000000085b00000|  0%| F|  |TAMS 0x0000000085a00000, 0x0000000085a00000| Untracked 
|  63|0x0000000085b00000, 0x0000000085b00000, 0x0000000085c00000|  0%| F|  |TAMS 0x0000000085b00000, 0x0000000085b00000| Untracked 
|  64|0x0000000085c00000, 0x0000000085c00000, 0x0000000085d00000|  0%| F|  |TAMS 0x0000000085c00000, 0x0000000085c00000| Untracked 
|  65|0x0000000085d00000, 0x0000000085d00000, 0x0000000085e00000|  0%| F|  |TAMS 0x0000000085d00000, 0x0000000085d00000| Untracked 
|  66|0x0000000085e00000, 0x0000000085e00000, 0x0000000085f00000|  0%| F|  |TAMS 0x0000000085e00000, 0x0000000085e00000| Untracked 
|  67|0x0000000085f00000, 0x0000000085f00000, 0x0000000086000000|  0%| F|  |TAMS 0x0000000085f00000, 0x0000000085f00000| Untracked 
|  68|0x0000000086000000, 0x0000000086000000, 0x0000000086100000|  0%| F|  |TAMS 0x0000000086000000, 0x0000000086000000| Untracked 
|  69|0x0000000086100000, 0x0000000086100000, 0x0000000086200000|  0%| F|  |TAMS 0x0000000086100000, 0x0000000086100000| Untracked 
|  70|0x0000000086200000, 0x0000000086200000, 0x0000000086300000|  0%| F|  |TAMS 0x0000000086200000, 0x0000000086200000| Untracked 
|  71|0x0000000086300000, 0x0000000086300000, 0x0000000086400000|  0%| F|  |TAMS 0x0000000086300000, 0x0000000086300000| Untracked 
|  72|0x0000000086400000, 0x0000000086400000, 0x0000000086500000|  0%| F|  |TAMS 0x0000000086400000, 0x0000000086400000| Untracked 
|  73|0x0000000086500000, 0x0000000086500000, 0x0000000086600000|  0%| F|  |TAMS 0x0000000086500000, 0x0000000086500000| Untracked 
|  74|0x0000000086600000, 0x0000000086600000, 0x0000000086700000|  0%| F|  |TAMS 0x0000000086600000, 0x0000000086600000| Untracked 
|  75|0x0000000086700000, 0x0000000086700000, 0x0000000086800000|  0%| F|  |TAMS 0x0000000086700000, 0x0000000086700000| Untracked 
|  76|0x0000000086800000, 0x0000000086800000, 0x0000000086900000|  0%| F|  |TAMS 0x0000000086800000, 0x0000000086800000| Untracked 
|  77|0x0000000086900000, 0x0000000086900000, 0x0000000086a00000|  0%| F|  |TAMS 0x0000000086900000, 0x0000000086900000| Untracked 
|  78|0x0000000086a00000, 0x0000000086a00000, 0x0000000086b00000|  0%| F|  |TAMS 0x0000000086a00000, 0x0000000086a00000| Untracked 
|  79|0x0000000086b00000, 0x0000000086b00000, 0x0000000086c00000|  0%| F|  |TAMS 0x0000000086b00000, 0x0000000086b00000| Untracked 
|  80|0x0000000086c00000, 0x0000000086c00000, 0x0000000086d00000|  0%| F|  |TAMS 0x0000000086c00000, 0x0000000086c00000| Untracked 
|  81|0x0000000086d00000, 0x0000000086d00000, 0x0000000086e00000|  0%| F|  |TAMS 0x0000000086d00000, 0x0000000086d00000| Untracked 
|  82|0x0000000086e00000, 0x0000000086e00000, 0x0000000086f00000|  0%| F|  |TAMS 0x0000000086e00000, 0x0000000086e00000| Untracked 
|  83|0x0000000086f00000, 0x0000000086f00000, 0x0000000087000000|  0%| F|  |TAMS 0x0000000086f00000, 0x0000000086f00000| Untracked 
|  84|0x0000000087000000, 0x0000000087000000, 0x0000000087100000|  0%| F|  |TAMS 0x0000000087000000, 0x0000000087000000| Untracked 
|  85|0x0000000087100000, 0x0000000087100000, 0x0000000087200000|  0%| F|  |TAMS 0x0000000087100000, 0x0000000087100000| Untracked 
|  86|0x0000000087200000, 0x0000000087200000, 0x0000000087300000|  0%| F|  |TAMS 0x0000000087200000, 0x0000000087200000| Untracked 
|  87|0x0000000087300000, 0x0000000087300000, 0x0000000087400000|  0%| F|  |TAMS 0x0000000087300000, 0x0000000087300000| Untracked 
|  88|0x0000000087400000, 0x0000000087400000, 0x0000000087500000|  0%| F|  |TAMS 0x0000000087400000, 0x0000000087400000| Untracked 
|  89|0x0000000087500000, 0x0000000087500000, 0x0000000087600000|  0%| F|  |TAMS 0x0000000087500000, 0x0000000087500000| Untracked 
|  90|0x0000000087600000, 0x0000000087600000, 0x0000000087700000|  0%| F|  |TAMS 0x0000000087600000, 0x0000000087600000| Untracked 
|  91|0x0000000087700000, 0x0000000087700000, 0x0000000087800000|  0%| F|  |TAMS 0x0000000087700000, 0x0000000087700000| Untracked 
|  92|0x0000000087800000, 0x0000000087800000, 0x0000000087900000|  0%| F|  |TAMS 0x0000000087800000, 0x0000000087800000| Untracked 
|  93|0x0000000087900000, 0x0000000087900000, 0x0000000087a00000|  0%| F|  |TAMS 0x0000000087900000, 0x0000000087900000| Untracked 
|  94|0x0000000087a00000, 0x0000000087a00000, 0x0000000087b00000|  0%| F|  |TAMS 0x0000000087a00000, 0x0000000087a00000| Untracked 
|  95|0x0000000087b00000, 0x0000000087b00000, 0x0000000087c00000|  0%| F|  |TAMS 0x0000000087b00000, 0x0000000087b00000| Untracked 
|  96|0x0000000087c00000, 0x0000000087c00000, 0x0000000087d00000|  0%| F|  |TAMS 0x0000000087c00000, 0x0000000087c00000| Untracked 
|  97|0x0000000087d00000, 0x0000000087d00000, 0x0000000087e00000|  0%| F|  |TAMS 0x0000000087d00000, 0x0000000087d00000| Untracked 
|  98|0x0000000087e00000, 0x0000000087e00000, 0x0000000087f00000|  0%| F|  |TAMS 0x0000000087e00000, 0x0000000087e00000| Untracked 
|  99|0x0000000087f00000, 0x0000000087f00000, 0x0000000088000000|  0%| F|  |TAMS 0x0000000087f00000, 0x0000000087f00000| Untracked 
| 100|0x0000000088000000, 0x0000000088000000, 0x0000000088100000|  0%| F|  |TAMS 0x0000000088000000, 0x0000000088000000| Untracked 
| 101|0x0000000088100000, 0x0000000088100000, 0x0000000088200000|  0%| F|  |TAMS 0x0000000088100000, 0x0000000088100000| Untracked 
| 102|0x0000000088200000, 0x0000000088200000, 0x0000000088300000|  0%| F|  |TAMS 0x0000000088200000, 0x0000000088200000| Untracked 
| 103|0x0000000088300000, 0x0000000088300000, 0x0000000088400000|  0%| F|  |TAMS 0x0000000088300000, 0x0000000088300000| Untracked 
| 104|0x0000000088400000, 0x0000000088400000, 0x0000000088500000|  0%| F|  |TAMS 0x0000000088400000, 0x0000000088400000| Untracked 
| 105|0x0000000088500000, 0x0000000088500000, 0x0000000088600000|  0%| F|  |TAMS 0x0000000088500000, 0x0000000088500000| Untracked 
| 106|0x0000000088600000, 0x0000000088600000, 0x0000000088700000|  0%| F|  |TAMS 0x0000000088600000, 0x0000000088600000| Untracked 
| 107|0x0000000088700000, 0x0000000088700000, 0x0000000088800000|  0%| F|  |TAMS 0x0000000088700000, 0x0000000088700000| Untracked 
| 108|0x0000000088800000, 0x0000000088800000, 0x0000000088900000|  0%| F|  |TAMS 0x0000000088800000, 0x0000000088800000| Untracked 
| 109|0x0000000088900000, 0x0000000088900000, 0x0000000088a00000|  0%| F|  |TAMS 0x0000000088900000, 0x0000000088900000| Untracked 
| 110|0x0000000088a00000, 0x0000000088a00000, 0x0000000088b00000|  0%| F|  |TAMS 0x0000000088a00000, 0x0000000088a00000| Untracked 
| 111|0x0000000088b00000, 0x0000000088b00000, 0x0000000088c00000|  0%| F|  |TAMS 0x0000000088b00000, 0x0000000088b00000| Untracked 
| 112|0x0000000088c00000, 0x0000000088c00000, 0x0000000088d00000|  0%| F|  |TAMS 0x0000000088c00000, 0x0000000088c00000| Untracked 
| 113|0x0000000088d00000, 0x0000000088d00000, 0x0000000088e00000|  0%| F|  |TAMS 0x0000000088d00000, 0x0000000088d00000| Untracked 
| 114|0x0000000088e00000, 0x0000000088e00000, 0x0000000088f00000|  0%| F|  |TAMS 0x0000000088e00000, 0x0000000088e00000| Untracked 
| 115|0x0000000088f00000, 0x0000000088f00000, 0x0000000089000000|  0%| F|  |TAMS 0x0000000088f00000, 0x0000000088f00000| Untracked 
| 116|0x0000000089000000, 0x0000000089000000, 0x0000000089100000|  0%| F|  |TAMS 0x0000000089000000, 0x0000000089000000| Untracked 
| 117|0x0000000089100000, 0x0000000089100000, 0x0000000089200000|  0%| F|  |TAMS 0x0000000089100000, 0x0000000089100000| Untracked 
| 118|0x0000000089200000, 0x0000000089200000, 0x0000000089300000|  0%| F|  |TAMS 0x0000000089200000, 0x0000000089200000| Untracked 
| 119|0x0000000089300000, 0x0000000089300000, 0x0000000089400000|  0%| F|  |TAMS 0x0000000089300000, 0x0000000089300000| Untracked 
| 120|0x0000000089400000, 0x0000000089400000, 0x0000000089500000|  0%| F|  |TAMS 0x0000000089400000, 0x0000000089400000| Untracked 
| 121|0x0000000089500000, 0x0000000089500000, 0x0000000089600000|  0%| F|  |TAMS 0x0000000089500000, 0x0000000089500000| Untracked 
| 122|0x0000000089600000, 0x0000000089600000, 0x0000000089700000|  0%| F|  |TAMS 0x0000000089600000, 0x0000000089600000| Untracked 
| 123|0x0000000089700000, 0x0000000089700000, 0x0000000089800000|  0%| F|  |TAMS 0x0000000089700000, 0x0000000089700000| Untracked 
| 124|0x0000000089800000, 0x0000000089800000, 0x0000000089900000|  0%| F|  |TAMS 0x0000000089800000, 0x0000000089800000| Untracked 
| 125|0x0000000089900000, 0x0000000089900000, 0x0000000089a00000|  0%| F|  |TAMS 0x0000000089900000, 0x0000000089900000| Untracked 
| 126|0x0000000089a00000, 0x0000000089a76440, 0x0000000089b00000| 46%| E|  |TAMS 0x0000000089a00000, 0x0000000089a00000| Complete 
| 127|0x0000000089b00000, 0x0000000089c00000, 0x0000000089c00000|100%| E|CS|TAMS 0x0000000089b00000, 0x0000000089b00000| Complete 

Card table byte_map: [0x0000027d34590000,0x0000027d34990000] _byte_map_base: 0x0000027d34182000

Marking Bits (Prev, Next): (CMBitMap*) 0x0000027d1d5715f0, (CMBitMap*) 0x0000027d1d571630
 Prev Bits: [0x0000027d34d90000, 0x0000027d36d20000)
 Next Bits: [0x0000027d36d20000, 0x0000027d38cb0000)

Polling page: 0x0000027d1cce0000

Metaspace:

Usage:
  Non-class:    303.34 KB used.
      Class:     23.64 KB used.
       Both:    326.98 KB used.

Virtual space:
  Non-class space:       64.00 MB reserved,     320.00 KB ( <1%) committed,  1 nodes.
      Class space:        1.00 GB reserved,     128.00 KB ( <1%) committed,  1 nodes.
             Both:        1.06 GB reserved,     448.00 KB ( <1%) committed. 

Chunk freelists:
   Non-Class:  3.94 MB
       Class:  3.74 MB
        Both:  7.68 MB

MaxMetaspaceSize: unlimited
CompressedClassSpaceSize: 1.00 GB
Initial GC threshold: 21.00 MB
Current GC threshold: 21.00 MB
CDS: on
MetaspaceReclaimPolicy: balanced
 - commit_granule_bytes: 65536.
 - commit_granule_words: 8192.
 - virtual_space_node_default_size: 8388608.
 - enlarge_chunks_in_place: 1.
 - new_chunks_are_fully_committed: 0.
 - uncommit_free_chunks: 1.
 - use_allocation_guard: 0.


Internal statistics:

num_allocs_failed_limit: 0.
num_arena_births: 6.
num_arena_deaths: 0.
num_vsnodes_births: 2.
num_vsnodes_deaths: 0.
num_space_committed: 7.
num_space_uncommitted: 0.
num_chunks_returned_to_freelist: 0.
num_chunks_taken_from_freelist: 12.
num_chunk_merges: 0.
num_chunk_splits: 7.
num_chunks_enlarged: 5.
num_inconsistent_stats: 0.

CodeHeap 'non-profiled nmethods': size=120000Kb used=18Kb max_used=18Kb free=119981Kb
 bounds [0x0000027d2c920000, 0x0000027d2cb90000, 0x0000027d33e50000]
CodeHeap 'profiled nmethods': size=120000Kb used=129Kb max_used=129Kb free=119870Kb
 bounds [0x0000027d253f0000, 0x0000027d25660000, 0x0000027d2c920000]
CodeHeap 'non-nmethods': size=5760Kb used=1072Kb max_used=1087Kb free=4687Kb
 bounds [0x0000027d24e50000, 0x0000027d250c0000, 0x0000027d253f0000]
 total_blobs=424 nmethods=99 adapters=238
 compilation: enabled
              stopped_count=0, restarted_count=0
 full_count=0

Compilation events (20 events):
Event: 0.057 Thread 0x0000027d3b6d5330 nmethod 88 0x0000027d2540d610 code [0x0000027d2540d7c0, 0x0000027d2540daf8]
Event: 0.057 Thread 0x0000027d3b6d5330   91       3       java.lang.CharacterDataLatin1::toLowerCase (39 bytes)
Event: 0.058 Thread 0x0000027d3b6d5330 nmethod 91 0x0000027d2540dc90 code [0x0000027d2540de40, 0x0000027d2540e098]
Event: 0.058 Thread 0x0000027d3b6d5330   92       3       java.lang.Math::min (11 bytes)
Event: 0.058 Thread 0x0000027d3b6d5330 nmethod 92 0x0000027d2540e190 code [0x0000027d2540e320, 0x0000027d2540e458]
Event: 0.059 Thread 0x0000027d3b6d5330   93       3       java.lang.AbstractStringBuilder::putStringAt (19 bytes)
Event: 0.060 Thread 0x0000027d3b6d5330 nmethod 93 0x0000027d2540e510 code [0x0000027d2540e6e0, 0x0000027d2540e9b8]
Event: 0.060 Thread 0x0000027d3b6d5330   94       3       java.lang.AbstractStringBuilder::inflateIfNeededFor (22 bytes)
Event: 0.060 Thread 0x0000027d3b6cb530 nmethod 90 0x0000027d2c923b90 code [0x0000027d2c923d20, 0x0000027d2c923ff8]
Event: 0.060 Thread 0x0000027d3b6d5330 nmethod 94 0x0000027d2540eb10 code [0x0000027d2540ecc0, 0x0000027d2540eee8]
Event: 0.061 Thread 0x0000027d3b6d5330   95       3       java.lang.Math::max (11 bytes)
Event: 0.061 Thread 0x0000027d3b6d5330 nmethod 95 0x0000027d2540f010 code [0x0000027d2540f1a0, 0x0000027d2540f2d8]
Event: 0.064 Thread 0x0000027d3b6cb530   96       4       java.lang.String::isLatin1 (19 bytes)
Event: 0.064 Thread 0x0000027d3b6cb530 nmethod 96 0x0000027d2c924190 code [0x0000027d2c924300, 0x0000027d2c924398]
Event: 0.064 Thread 0x0000027d3b6d5330   97       3       java.util.Arrays::copyOfRange (64 bytes)
Event: 0.065 Thread 0x0000027d3b6d5330 nmethod 97 0x0000027d2540f390 code [0x0000027d2540f600, 0x0000027d2540ff18]
Event: 0.065 Thread 0x0000027d3b6cb530   98       4       java.lang.String::charAt (25 bytes)
Event: 0.065 Thread 0x0000027d3b6d5330   99       3       java.lang.String::<init> (15 bytes)
Event: 0.065 Thread 0x0000027d3b6d5330 nmethod 99 0x0000027d25410290 code [0x0000027d25410420, 0x0000027d254105d8]
Event: 0.066 Thread 0x0000027d3b6cb530 nmethod 98 0x0000027d2c924490 code [0x0000027d2c924620, 0x0000027d2c924728]

GC Heap History (0 events):
No events

Deoptimization events (0 events):
No events

Classes loaded (20 events):
Event: 0.049 Loading class java/security/PrivilegedActionException
Event: 0.049 Loading class java/security/PrivilegedActionException done
Event: 0.060 Loading class java/util/concurrent/BlockingQueue
Event: 0.060 Loading class java/util/concurrent/BlockingQueue done
Event: 0.060 Loading class java/util/concurrent/ArrayBlockingQueue
Event: 0.060 Loading class java/util/AbstractQueue
Event: 0.060 Loading class java/util/AbstractQueue done
Event: 0.060 Loading class java/util/concurrent/ArrayBlockingQueue done
Event: 0.061 Loading class java/util/concurrent/locks/AbstractQueuedSynchronizer$ConditionObject
Event: 0.061 Loading class java/util/concurrent/locks/Condition
Event: 0.061 Loading class java/util/concurrent/locks/Condition done
Event: 0.061 Loading class java/util/concurrent/locks/AbstractQueuedSynchronizer$ConditionObject done
Event: 0.063 Loading class java/lang/InterruptedException
Event: 0.063 Loading class java/lang/InterruptedException done
Event: 0.064 Loading class java/lang/SecurityException
Event: 0.064 Loading class java/lang/SecurityException done
Event: 0.065 Loading class java/io/Reader
Event: 0.065 Loading class java/io/Reader done
Event: 0.065 Loading class java/io/InputStreamReader
Event: 0.065 Loading class java/io/InputStreamReader done

Classes unloaded (0 events):
No events

Classes redefined (0 events):
No events

Internal exceptions (0 events):
No events

VM Operations (2 events):
Event: 0.058 Executing VM operation: HandshakeAllThreads
Event: 0.058 Executing VM operation: HandshakeAllThreads done

Events (20 events):
Event: 0.005 Loaded shared library C:\Users\Laura\.jdks\openjdk-18.0.1.1\bin\java.dll
Event: 0.013 Loaded shared library C:\Users\Laura\.jdks\openjdk-18.0.1.1\bin\jsvml.dll
Event: 0.013 Thread 0x0000027d1d50e360 Thread added: 0x0000027d1d50e360
Event: 0.015 Thread 0x0000027d3b6aa3d0 Thread added: 0x0000027d3b6aa3d0
Event: 0.015 Thread 0x0000027d3b6ab030 Thread added: 0x0000027d3b6ab030
Event: 0.024 Thread 0x0000027d3b6c1650 Thread added: 0x0000027d3b6c1650
Event: 0.024 Thread 0x0000027d3b6c3000 Thread added: 0x0000027d3b6c3000
Event: 0.024 Thread 0x0000027d3b6c69c0 Thread added: 0x0000027d3b6c69c0
Event: 0.025 Thread 0x0000027d3b6c7360 Thread added: 0x0000027d3b6c7360
Event: 0.025 Thread 0x0000027d3b6cb530 Thread added: 0x0000027d3b6cb530
Event: 0.025 Thread 0x0000027d3b6d5330 Thread added: 0x0000027d3b6d5330
Event: 0.025 Thread 0x0000027d3b6ea530 Thread added: 0x0000027d3b6ea530
Event: 0.041 Thread 0x0000027d3f9e2ff0 Thread added: 0x0000027d3f9e2ff0
Event: 0.043 Thread 0x0000027d3fa06b50 Thread added: 0x0000027d3fa06b50
Event: 0.046 Loaded shared library C:\Users\Laura\.jdks\openjdk-18.0.1.1\bin\jimage.dll
Event: 0.051 Loaded shared library C:\Users\Laura\.jdks\openjdk-18.0.1.1\bin\net.dll
Event: 0.052 Loaded shared library C:\Users\Laura\.jdks\openjdk-18.0.1.1\bin\nio.dll
Event: 0.055 Loaded shared library C:\Users\Laura\.jdks\openjdk-18.0.1.1\bin\zip.dll
Event: 0.060 Loaded shared library C:\Users\Laura\.jdks\openjdk-18.0.1.1\bin\verify.dll
Event: 0.066 Loaded shared library C:\Users\Laura\.jssc\windows\jSSC-2.8_x86_64.dll


Dynamic libraries:
0x00007ff6f5030000 - 0x00007ff6f503e000 	C:\Users\Laura\.jdks\openjdk-18.0.1.1\bin\java.exe
0x00007fffcbe50000 - 0x00007fffcc047000 	C:\WINDOWS\SYSTEM32\ntdll.dll
0x00007fffcadb0000 - 0x00007fffcae6d000 	C:\WINDOWS\System32\KERNEL32.DLL
0x00007fffc9710000 - 0x00007fffc99dd000 	C:\WINDOWS\System32\KERNELBASE.dll
0x00007fffc9570000 - 0x00007fffc9670000 	C:\WINDOWS\System32\ucrtbase.dll
0x00007fffb0ef0000 - 0x00007fffb0f0a000 	C:\Users\Laura\.jdks\openjdk-18.0.1.1\bin\VCRUNTIME140.dll
0x00007fffb75e0000 - 0x00007fffb75f7000 	C:\Users\Laura\.jdks\openjdk-18.0.1.1\bin\jli.dll
0x00007fffcb3a0000 - 0x00007fffcb540000 	C:\WINDOWS\System32\USER32.dll
0x00007fffc9e80000 - 0x00007fffc9ea2000 	C:\WINDOWS\System32\win32u.dll
0x00007fffcb190000 - 0x00007fffcb1ba000 	C:\WINDOWS\System32\GDI32.dll
0x00007fffc0fb0000 - 0x00007fffc124a000 	C:\WINDOWS\WinSxS\amd64_microsoft.windows.common-controls_6595b64144ccf1df_6.0.19041.1110_none_60b5254171f9507e\COMCTL32.dll
0x00007fffc9b00000 - 0x00007fffc9c0b000 	C:\WINDOWS\System32\gdi32full.dll
0x00007fffca920000 - 0x00007fffca9be000 	C:\WINDOWS\System32\msvcrt.dll
0x00007fffc9670000 - 0x00007fffc970d000 	C:\WINDOWS\System32\msvcp_win.dll
0x00007fffcab50000 - 0x00007fffcab80000 	C:\WINDOWS\System32\IMM32.DLL
0x00007fffa0ba0000 - 0x00007fffa0bac000 	C:\Users\Laura\.jdks\openjdk-18.0.1.1\bin\vcruntime140_1.dll
0x00007fff91ad0000 - 0x00007fff91b5d000 	C:\Users\Laura\.jdks\openjdk-18.0.1.1\bin\msvcp140.dll
0x00007fff4f740000 - 0x00007fff50350000 	C:\Users\Laura\.jdks\openjdk-18.0.1.1\bin\server\jvm.dll
0x00007fffcad00000 - 0x00007fffcadae000 	C:\WINDOWS\System32\ADVAPI32.dll
0x00007fffcac60000 - 0x00007fffcacfc000 	C:\WINDOWS\System32\sechost.dll
0x00007fffca7d0000 - 0x00007fffca8f5000 	C:\WINDOWS\System32\RPCRT4.dll
0x00007fffcaf60000 - 0x00007fffcaf68000 	C:\WINDOWS\System32\PSAPI.DLL
0x00007fffc42a0000 - 0x00007fffc42a9000 	C:\WINDOWS\SYSTEM32\WSOCK32.dll
0x00007fffcaf70000 - 0x00007fffcafdb000 	C:\WINDOWS\System32\WS2_32.dll
0x00007fffb5e80000 - 0x00007fffb5ea7000 	C:\WINDOWS\SYSTEM32\WINMM.dll
0x00007fffc0d10000 - 0x00007fffc0d1a000 	C:\WINDOWS\SYSTEM32\VERSION.dll
0x00007fffc7e30000 - 0x00007fffc7e42000 	C:\WINDOWS\SYSTEM32\kernel.appcore.dll
0x00007fffa0b90000 - 0x00007fffa0b9a000 	C:\Users\Laura\.jdks\openjdk-18.0.1.1\bin\jimage.dll
0x00007fffc7370000 - 0x00007fffc7554000 	C:\WINDOWS\SYSTEM32\DBGHELP.DLL
0x00007fffb7cc0000 - 0x00007fffb7cec000 	C:\WINDOWS\SYSTEM32\dbgcore.DLL
0x00007fffc9df0000 - 0x00007fffc9e72000 	C:\WINDOWS\System32\bcryptPrimitives.dll
0x00007fffa0b60000 - 0x00007fffa0b85000 	C:\Users\Laura\.jdks\openjdk-18.0.1.1\bin\java.dll
0x00007fff89bd0000 - 0x00007fff89ca6000 	C:\Users\Laura\.jdks\openjdk-18.0.1.1\bin\jsvml.dll
0x00007fffcb6c0000 - 0x00007fffcbe04000 	C:\WINDOWS\System32\SHELL32.dll
0x00007fffc7650000 - 0x00007fffc7de4000 	C:\WINDOWS\SYSTEM32\windows.storage.dll
0x00007fffc9eb0000 - 0x00007fffca204000 	C:\WINDOWS\System32\combase.dll
0x00007fffc8f00000 - 0x00007fffc8f2c000 	C:\WINDOWS\SYSTEM32\Wldp.dll
0x00007fffcaaa0000 - 0x00007fffcab4d000 	C:\WINDOWS\System32\SHCORE.dll
0x00007fffcaf00000 - 0x00007fffcaf55000 	C:\WINDOWS\System32\shlwapi.dll
0x00007fffc94b0000 - 0x00007fffc94cf000 	C:\WINDOWS\SYSTEM32\profapi.dll
0x00007fff9e8d0000 - 0x00007fff9e8e3000 	C:\Users\Laura\.jdks\openjdk-18.0.1.1\bin\net.dll
0x00007fffb69a0000 - 0x00007fffb6aaa000 	C:\WINDOWS\SYSTEM32\WINHTTP.dll
0x00007fffc8c60000 - 0x00007fffc8cca000 	C:\WINDOWS\system32\mswsock.dll
0x00007fff9e8b0000 - 0x00007fff9e8c6000 	C:\Users\Laura\.jdks\openjdk-18.0.1.1\bin\nio.dll
0x00007fff9e890000 - 0x00007fff9e8a8000 	C:\Users\Laura\.jdks\openjdk-18.0.1.1\bin\zip.dll
0x00007fff9f6b0000 - 0x00007fff9f6c0000 	C:\Users\Laura\.jdks\openjdk-18.0.1.1\bin\verify.dll
0x0000000071100000 - 0x0000000071125000 	C:\Users\Laura\.jssc\windows\jSSC-2.8_x86_64.dll

dbghelp: loaded successfully - version: 4.0.5 - missing functions: none
symbol engine: initialized successfully - sym options: 0x614 - pdb path: .;C:\Users\Laura\.jdks\openjdk-18.0.1.1\bin;C:\WINDOWS\SYSTEM32;C:\WINDOWS\WinSxS\amd64_microsoft.windows.common-controls_6595b64144ccf1df_6.0.19041.1110_none_60b5254171f9507e;C:\Users\Laura\.jdks\openjdk-18.0.1.1\bin\server;C:\Users\Laura\.jssc\windows

VM Arguments:
jvm_args: -Dfile.encoding=windows-1252 -Duser.country=IT -Duser.language=it -Duser.variant 
java_command: Test
java_class_path (initial): C:\Users\Laura\Documents\GitHub\Assignment3\src\garden-service\prova_http_by_sofi\build\classes\java\main;C:\Users\Laura\Documents\GitHub\Assignment3\src\garden-service\prova_http_by_sofi\build\resources\main;C:\Users\Laura\Documents\GitHub\Assignment3\src\garden-service\prova_http_by_sofi\httpclient-4.5.6.jar;C:\Users\Laura\.gradle\caches\modules-2\files-2.1\junit\junit\4.13.1\cdd00374f1fee76b11e2a9d127405aa3f6be5b6a\junit-4.13.1.jar;C:\Users\Laura\.gradle\caches\modules-2\files-2.1\org.scream3r\jssc\2.8.0\7e8d93052a8743a7937a6d46854057ac1ce876c1\jssc-2.8.0.jar;C:\Users\Laura\.gradle\caches\modules-2\files-2.1\org.hamcrest\hamcrest-core\1.3\42a25dc3219429f0e5d060061f71acb49bf010a0\hamcrest-core-1.3.jar
Launcher Type: SUN_STANDARD

[Global flags]
     intx CICompilerCount                          = 4                                         {product} {ergonomic}
     uint ConcGCThreads                            = 2                                         {product} {ergonomic}
     uint G1ConcRefinementThreads                  = 8                                         {product} {ergonomic}
   size_t G1HeapRegionSize                         = 1048576                                   {product} {ergonomic}
    uintx GCDrainStackTargetSize                   = 64                                        {product} {ergonomic}
   size_t InitialHeapSize                          = 134217728                                 {product} {ergonomic}
   size_t MarkStackSize                            = 4194304                                   {product} {ergonomic}
   size_t MaxHeapSize                              = 2118123520                                {product} {ergonomic}
   size_t MaxNewSize                               = 1270874112                                {product} {ergonomic}
   size_t MinHeapDeltaBytes                        = 1048576                                   {product} {ergonomic}
   size_t MinHeapSize                              = 8388608                                   {product} {ergonomic}
    uintx NonNMethodCodeHeapSize                   = 5839372                                {pd product} {ergonomic}
    uintx NonProfiledCodeHeapSize                  = 122909434                              {pd product} {ergonomic}
    uintx ProfiledCodeHeapSize                     = 122909434                              {pd product} {ergonomic}
    uintx ReservedCodeCacheSize                    = 251658240                              {pd product} {ergonomic}
     bool SegmentedCodeCache                       = true                                      {product} {ergonomic}
   size_t SoftMaxHeapSize                          = 2118123520                             {manageable} {ergonomic}
     bool UseCompressedClassPointers               = true                           {product lp64_product} {ergonomic}
     bool UseCompressedOops                        = true                           {product lp64_product} {ergonomic}
     bool UseG1GC                                  = true                                      {product} {ergonomic}
     bool UseLargePagesIndividualAllocation        = false                                  {pd product} {ergonomic}

Logging:
Log output configuration:
 #0: stdout all=warning uptime,level,tags foldmultilines=false
 #1: stderr all=off uptime,level,tags foldmultilines=false

Environment Variables:
JAVA_HOME=C:\Program Files\AdoptOpenJDK\jdk-hotspot
PATH=C:\Program Files\AdoptOpenJDK\jdk-11.0.8.10-hotspot\bin;C:\WINDOWS\system32;C:\WINDOWS;C:\WINDOWS\System32\Wbem;C:\WINDOWS\System32\WindowsPowerShell\v1.0\;C:\WINDOWS\System32\OpenSSH\;C:\Program Files\AdoptOpenJDK\jdk-hotspot\bin;C:\Program Files\Git\cmd;C:\Program Files\dotnet\;C:\Program Files\PuTTY\;C:\Program Files\MySQL\MySQL Shell 8.0\bin\;C:\Users\Laura\AppData\Local\Microsoft\WindowsApps;C:\Users\Laura\AppData\Local\Programs\MiKTeX\miktex\bin\x64\;C:\Users\Laura\.dotnet\tools;C:\Users\Laura\AppData\Local\Programs\Microsoft VS Code\bin;C:\Users\Laura\AppData\Local\GitHubDesktop\bin
USERNAME=Laura
OS=Windows_NT
PROCESSOR_IDENTIFIER=Intel64 Family 6 Model 142 Stepping 12, GenuineIntel



---------------  S Y S T E M  ---------------

OS:
 Windows 10 , 64 bit Build 19041 (10.0.19041.1741)
OS uptime: 9 days 17:39 hours

CPU: total 8 (initial active 8) (4 cores per cpu, 2 threads per core) family 6 model 142 stepping 12 microcode 0xca, cx8, cmov, fxsr, ht, mmx, 3dnowpref, sse, sse2, sse3, ssse3, sse4.1, sse4.2, popcnt, lzcnt, tsc, tscinvbit, avx, avx2, aes, erms, clmul, bmi1, bmi2, adx, fma, vzeroupper, clflush, clflushopt

Memory: 4k page, system-wide physical 8078M (1524M free)
TotalPageFile size 16100M (AvailPageFile size 2772M)
current process WorkingSet (physical memory assigned to process): 28M, peak: 29M
current process commit charge ("private bytes"): 210M, peak: 210M

vm_info: OpenJDK 64-Bit Server VM (18.0.1.1+2-6) for windows-amd64 JRE (18.0.1.1+2-6), built on Apr 25 2022 21:50:56 by "mach5one" with MS VC++ 16.8 / 16.9 (VS2019)

END.
