#
# A fatal error has been detected by the Java Runtime Environment:
#
#  EXCEPTION_ACCESS_VIOLATION (0xc0000005) at pc=0x000000007110b5db, pid=7520, tid=10300
#
# JRE version: OpenJDK Runtime Environment (18.0.1.1+2) (build 18.0.1.1+2-6)
# Java VM: OpenJDK 64-Bit Server VM (18.0.1.1+2-6, mixed mode, sharing, tiered, compressed oops, compressed class ptrs, g1 gc, windows-amd64)
# Problematic frame:
# C  [jSSC-2.8_x86_64.dll+0xb5db]
#
# No core dump will be written. Minidumps are not enabled by default on client versions of Windows
#
# If you would like to submit a bug report, please visit:
#   https://bugreport.java.com/bugreport/crash.jsp
# The crash happened outside the Java Virtual Machine in native code.
# See problematic frame for where to report the bug.
#

---------------  S U M M A R Y ------------

Command Line: -Dfile.encoding=windows-1252 -Duser.country=IT -Duser.language=it -Duser.variant Test

Host: Intel(R) Core(TM) i5-8265U CPU @ 1.60GHz, 8 cores, 7G,  Windows 10 , 64 bit Build 19041 (10.0.19041.1741)
Time: Wed Jun 29 14:39:49 2022 ora legale Europa occidentale elapsed time: 0.198597 seconds (0d 0h 0m 0s)

---------------  T H R E A D  ---------------

Current thread (0x000001dd4486e500):  JavaThread "main" [_thread_in_native, id=10300, stack(0x000000573ee00000,0x000000573ef00000)]

Stack: [0x000000573ee00000,0x000000573ef00000],  sp=0x000000573eeff470,  free space=1021k
Native frames: (J=compiled Java code, j=interpreted, Vv=VM code, C=native code)
C  [jSSC-2.8_x86_64.dll+0xb5db]

Java frames: (J=compiled Java code, j=interpreted, Vv=VM code)
j  jssc.SerialNativeInterface.openPort(Ljava/lang/String;Z)J+0
j  jssc.SerialPort.openPort()Z+65
j  SerialCommChannel.<init>(Ljava/lang/String;I)V+46
j  Test$MyHandlerPost.<init>()V+28
j  Test.main([Ljava/lang/String;)V+22
v  ~StubRoutines::call_stub

siginfo: EXCEPTION_ACCESS_VIOLATION (0xc0000005), reading address 0x0000000044991bdd


Register to memory mapping:

RIP=0x000000007110b5db jSSC-2.8_x86_64.dll
RAX=0x0000000044991bdd is an unknown value
RBX=0x000000573eeff4e0 is pointing into the stack for thread: 0x000001dd4486e500
RCX=0x00007fffcbeecf24 ntdll.dll
RDX=0x0 is NULL
RSP=0x000000573eeff470 is pointing into the stack for thread: 0x000001dd4486e500
RBP=0x000000573eeff5f0 is pointing into the stack for thread: 0x000001dd4486e500
RSI=0x000001dd4486e790 points into unknown readable memory: 0x00007fff50203720 | 20 37 20 50 ff 7f 00 00
RDI=0x00000000000004c0 is an unknown value
R8 =0x000000573eeff368 is pointing into the stack for thread: 0x000001dd4486e500
R9 =0x000000573eeff460 is pointing into the stack for thread: 0x000001dd4486e500
R10=0x0 is NULL
R11=0x0000000000000246 is an unknown value
R12=0x000000573eeff6a8 is pointing into the stack for thread: 0x000001dd4486e500
R13=0x000001dd68ca79b0 points into unknown readable memory: 0x000000000000005c | 5c 00 00 00 00 00 00 00
R14=0x000000573eeff5a0 is pointing into the stack for thread: 0x000001dd4486e500
R15=0x000001dd4486e500 is a thread


Registers:
RAX=0x0000000044991bdd, RBX=0x000000573eeff4e0, RCX=0x00007fffcbeecf24, RDX=0x0000000000000000
RSP=0x000000573eeff470, RBP=0x000000573eeff5f0, RSI=0x000001dd4486e790, RDI=0x00000000000004c0
R8 =0x000000573eeff368, R9 =0x000000573eeff460, R10=0x0000000000000000, R11=0x0000000000000246
R12=0x000000573eeff6a8, R13=0x000001dd68ca79b0, R14=0x000000573eeff5a0, R15=0x000001dd4486e500
RIP=0x000000007110b5db, EFLAGS=0x0000000000010206

Top of Stack: (sp=0x000000573eeff470)
0x000000573eeff470:   000001dd68ee8c40 00007fffcbe747b1
0x000000573eeff480:   000000007110b230 000001dd446d0000
0x000000573eeff490:   000001dd4486e500 0000000000000004
0x000000573eeff4a0:   000001dd4486e790 00000000000004c0
0x000000573eeff4b0:   000000573eeff5f0 0000000071112590
0x000000573eeff4c0:   000000573eeff520 000001dd446d0000
0x000000573eeff4d0:   000000573eeff5f0 0000000000000000
0x000000573eeff4e0:   0000000000000000 00007fffc9739cfc
0x000000573eeff4f0:   00000000000004c0 00007fffc957f05b
0x000000573eeff500:   000001dd68ca79b0 000001dd4486e790
0x000000573eeff510:   0000000071113500 0000000071113be8
0x000000573eeff520:   000000573eeff550 0000000071112641
0x000000573eeff530:   000000573eeff4c0 0000000000000000
0x000000573eeff540:   0000000000000000 0000000000000000
0x000000573eeff550:   000000573eeff5f0 0000000071101595
0x000000573eeff560:   000000000000001c 000001dd4486e790 

Instructions: (pc=0x000000007110b5db)
0x000000007110b4db:   48 85 c0 74 bf 44 8b 03 45 85 c0 0f 84 77 ff ff
0x000000007110b4eb:   ff eb 9f 66 90 e8 8b fe ff ff 48 89 05 0c 34 01
0x000000007110b4fb:   00 eb ad 66 90 e8 7b fe ff ff 48 89 05 fc 33 01
0x000000007110b50b:   00 eb 8b e8 8d fe ff ff c7 03 01 00 00 00 e9 6f
0x000000007110b51b:   ff ff ff 66 90 55 48 89 e5 56 53 48 83 ec 20 48
0x000000007110b52b:   8b 05 d7 33 01 00 48 8b 31 48 89 cb 48 85 c0 74
0x000000007110b53b:   56 44 8b 18 45 85 db 78 42 48 8b 05 bd 33 01 00
0x000000007110b54b:   48 85 c0 74 50 44 8b 10 45 85 d2 74 1d 48 89 f1
0x000000007110b55b:   e8 d0 fd ff ff 48 8b 13 48 8d 42 40 48 8b 48 08
0x000000007110b56b:   48 8b 6a 40 48 8b 60 10 ff e1 48 8b 05 9c 33 01
0x000000007110b57b:   00 48 85 c0 74 2d 48 89 30 eb da e8 b5 fe ff ff
0x000000007110b58b:   0f 1f 44 00 00 eb b2 e8 e9 fd ff ff 48 89 05 6a
0x000000007110b59b:   33 01 00 eb 9c e8 db fd ff ff 48 89 05 5c 33 01
0x000000007110b5ab:   00 eb a2 e8 3d fd ff ff 48 89 05 5e 33 01 00 eb
0x000000007110b5bb:   c5 0f 1f 40 00 55 57 56 53 48 83 ec 28 48 8b 05
0x000000007110b5cb:   39 33 01 00 48 89 cb 48 85 c0 0f 84 c5 00 00 00
0x000000007110b5db:   8b 38 85 ff 0f 88 ab 00 00 00 48 8b 05 1c 33 01
0x000000007110b5eb:   00 48 85 c0 0f 84 bc 00 00 00 8b 30 85 f6 74 57
0x000000007110b5fb:   48 8b 05 0e 33 01 00 48 85 c0 0f 84 e5 00 00 00
0x000000007110b60b:   8b 28 48 8b 35 10 5e 01 00 ff d6 89 c7 89 e9 ff
0x000000007110b61b:   15 f4 5e 01 00 89 f9 48 89 c5 ff 15 b9 5e 01 00
0x000000007110b62b:   48 8b 05 de 32 01 00 48 89 2b 48 85 c0 74 46 48
0x000000007110b63b:   89 da 8b 08 ff 15 d7 5e 01 00 85 c0 74 27 48 83
0x000000007110b64b:   c4 28 5b 5e 5f 5d c3 48 8b 05 bf 32 01 00 48 85
0x000000007110b65b:   c0 74 64 48 8b 10 48 89 13 48 89 18 48 83 c4 28
0x000000007110b66b:   5b 5e 5f 5d c3 48 89 f2 48 83 c4 28 5b 5e 5f 5d
0x000000007110b67b:   48 ff e2 66 90 e8 8b fc ff ff 48 89 05 84 32 01
0x000000007110b68b:   00 eb ac 66 90 e8 ab fd ff ff e9 4b ff ff ff 66
0x000000007110b69b:   0f 1f 44 00 00 e8 db fc ff ff 48 89 05 5c 32 01
0x000000007110b6ab:   00 e9 2a ff ff ff e8 ca fc ff ff 48 89 05 4b 32
0x000000007110b6bb:   01 00 e9 33 ff ff ff e8 29 fc ff ff 48 89 05 4a
0x000000007110b6cb:   32 01 00 48 8b 10 48 85 c0 48 89 13 75 8b e8 12 


Stack slot to memory mapping:
stack at sp + 0 slots: 0x000001dd68ee8c40 points into unknown readable memory: 0x005c002e005c005c | 5c 00 5c 00 2e 00 5c 00
stack at sp + 1 slots: 0x00007fffcbe747b1 ntdll.dll
stack at sp + 2 slots: 0x000000007110b230 jSSC-2.8_x86_64.dll
stack at sp + 3 slots: 0x000001dd446d0000 points into unknown readable memory: 0x0000000000000000 | 00 00 00 00 00 00 00 00
stack at sp + 4 slots: 0x000001dd4486e500 is a thread
stack at sp + 5 slots: 0x0000000000000004 is an unknown value
stack at sp + 6 slots: 0x000001dd4486e790 points into unknown readable memory: 0x00007fff50203720 | 20 37 20 50 ff 7f 00 00
stack at sp + 7 slots: 0x00000000000004c0 is an unknown value


---------------  P R O C E S S  ---------------

Threads class SMR info:
_java_thread_list=0x000001dd68cfc540, length=13, elements={
0x000001dd4486e500, 0x000001dd64990b50, 0x000001dd649917b0, 0x000001dd649aafb0,
0x000001dd649ac960, 0x000001dd649af850, 0x000001dd649b3830, 0x000001dd649b4640,
0x000001dd649be180, 0x000001dd649d2340, 0x000001dd68ca2800, 0x000001dd68ca50f0,
0x000001dd68dc89c0
}

Java Threads: ( => current thread )
=>0x000001dd4486e500 JavaThread "main" [_thread_in_native, id=10300, stack(0x000000573ee00000,0x000000573ef00000)]
  0x000001dd64990b50 JavaThread "Reference Handler" daemon [_thread_blocked, id=10140, stack(0x000000573f500000,0x000000573f600000)]
  0x000001dd649917b0 JavaThread "Finalizer" daemon [_thread_blocked, id=14700, stack(0x000000573f600000,0x000000573f700000)]
  0x000001dd649aafb0 JavaThread "Signal Dispatcher" daemon [_thread_blocked, id=19812, stack(0x000000573f700000,0x000000573f800000)]
  0x000001dd649ac960 JavaThread "Attach Listener" daemon [_thread_blocked, id=21120, stack(0x000000573f800000,0x000000573f900000)]
  0x000001dd649af850 JavaThread "Service Thread" daemon [_thread_blocked, id=15364, stack(0x000000573f900000,0x000000573fa00000)]
  0x000001dd649b3830 JavaThread "Monitor Deflation Thread" daemon [_thread_blocked, id=15264, stack(0x000000573fa00000,0x000000573fb00000)]
  0x000001dd649b4640 JavaThread "C2 CompilerThread0" daemon [_thread_blocked, id=14364, stack(0x000000573fb00000,0x000000573fc00000)]
  0x000001dd649be180 JavaThread "C1 CompilerThread0" daemon [_thread_blocked, id=20444, stack(0x000000573fc00000,0x000000573fd00000)]
  0x000001dd649d2340 JavaThread "Sweeper thread" daemon [_thread_blocked, id=5200, stack(0x000000573fd00000,0x000000573fe00000)]
  0x000001dd68ca2800 JavaThread "Notification Thread" daemon [_thread_blocked, id=18984, stack(0x000000573fe00000,0x000000573ff00000)]
  0x000001dd68ca50f0 JavaThread "Common-Cleaner" daemon [_thread_blocked, id=20520, stack(0x0000005740000000,0x0000005740100000)]
  0x000001dd68dc89c0 JavaThread "server-timer" daemon [_thread_blocked, id=3488, stack(0x0000005740100000,0x0000005740200000)]

Other Threads:
  0x000001dd6498be20 VMThread "VM Thread" [stack: 0x000000573f400000,0x000000573f500000] [id=8940]
  0x000001dd68ca4cd0 WatcherThread "VM Periodic Task Thread" [stack: 0x000000573ff00000,0x0000005740000000] [id=20160]
  0x000001dd448cfc70 WorkerThread "GC Thread#0" [stack: 0x000000573ef00000,0x000000573f000000] [id=21020]
  0x000001dd448e1830 ConcurrentGCThread "G1 Main Marker" [stack: 0x000000573f000000,0x000000573f100000] [id=7692]
  0x000001dd448e39d0 WorkerThread "G1 Conc#0" [stack: 0x000000573f100000,0x000000573f200000] [id=20636]
  0x000001dd449324f0 ConcurrentGCThread "G1 Refine#0" [stack: 0x000000573f200000,0x000000573f300000] [id=3552]
  0x000001dd44932e00 ConcurrentGCThread "G1 Service" [stack: 0x000000573f300000,0x000000573f400000] [id=16424]

Threads with active compile tasks:

VM state: not at safepoint (normal execution)

VM Mutex/Monitor currently owned by a thread: None

Heap address: 0x0000000081c00000, size: 2020 MB, Compressed Oops mode: 32-bit

CDS archive(s) mapped at: [0x0000000800000000-0x0000000800b90000-0x0000000800b90000), size 12124160, SharedBaseAddress: 0x0000000800000000, ArchiveRelocationMode: 0.
Compressed class space mapped at: 0x0000000800c00000-0x0000000840c00000, reserved size: 1073741824
Narrow klass base: 0x0000000800000000, Narrow klass shift: 0, Narrow klass range: 0x100000000

GC Precious Log:
 CardTable entry size: 512
 Card Set container configuration: InlinePtr #cards 5 size 8 Array Of Cards #cards 12 size 40 Howl #buckets 4 coarsen threshold 1843 Howl Bitmap #cards 512 size 80 coarsen threshold 460 Card regions per heap region 1 cards per card region 2048
 CPUs: 8 total, 8 available
 Memory: 8078M
 Large Page Support: Disabled
 NUMA Support: Disabled
 Compressed Oops: Enabled (32-bit)
 Heap Region Size: 1M
 Heap Min Capacity: 8M
 Heap Initial Capacity: 128M
 Heap Max Capacity: 2020M
 Pre-touch: Disabled
 Parallel Workers: 8
 Concurrent Workers: 2
 Concurrent Refinement Workers: 8
 Periodic GC: Disabled

Heap:
 garbage-first heap   total 131072K, used 2048K [0x0000000081c00000, 0x0000000100000000)
  region size 1024K, 3 young (3072K), 0 survivors (0K)
 Metaspace       used 1841K, committed 1984K, reserved 1114112K
  class space    used 187K, committed 256K, reserved 1048576K

Heap Regions: E=young(eden), S=young(survivor), O=old, HS=humongous(starts), HC=humongous(continues), CS=collection set, F=free, OA=open archive, CA=closed archive, TAMS=top-at-mark-start (previous, next)
|   0|0x0000000081c00000, 0x0000000081c00000, 0x0000000081d00000|  0%| F|  |TAMS 0x0000000081c00000, 0x0000000081c00000| Untracked 
|   1|0x0000000081d00000, 0x0000000081d00000, 0x0000000081e00000|  0%| F|  |TAMS 0x0000000081d00000, 0x0000000081d00000| Untracked 
|   2|0x0000000081e00000, 0x0000000081e00000, 0x0000000081f00000|  0%| F|  |TAMS 0x0000000081e00000, 0x0000000081e00000| Untracked 
|   3|0x0000000081f00000, 0x0000000081f00000, 0x0000000082000000|  0%| F|  |TAMS 0x0000000081f00000, 0x0000000081f00000| Untracked 
|   4|0x0000000082000000, 0x0000000082000000, 0x0000000082100000|  0%| F|  |TAMS 0x0000000082000000, 0x0000000082000000| Untracked 
|   5|0x0000000082100000, 0x0000000082100000, 0x0000000082200000|  0%| F|  |TAMS 0x0000000082100000, 0x0000000082100000| Untracked 
|   6|0x0000000082200000, 0x0000000082200000, 0x0000000082300000|  0%| F|  |TAMS 0x0000000082200000, 0x0000000082200000| Untracked 
|   7|0x0000000082300000, 0x0000000082300000, 0x0000000082400000|  0%| F|  |TAMS 0x0000000082300000, 0x0000000082300000| Untracked 
|   8|0x0000000082400000, 0x0000000082400000, 0x0000000082500000|  0%| F|  |TAMS 0x0000000082400000, 0x0000000082400000| Untracked 
|   9|0x0000000082500000, 0x0000000082500000, 0x0000000082600000|  0%| F|  |TAMS 0x0000000082500000, 0x0000000082500000| Untracked 
|  10|0x0000000082600000, 0x0000000082600000, 0x0000000082700000|  0%| F|  |TAMS 0x0000000082600000, 0x0000000082600000| Untracked 
|  11|0x0000000082700000, 0x0000000082700000, 0x0000000082800000|  0%| F|  |TAMS 0x0000000082700000, 0x0000000082700000| Untracked 
|  12|0x0000000082800000, 0x0000000082800000, 0x0000000082900000|  0%| F|  |TAMS 0x0000000082800000, 0x0000000082800000| Untracked 
|  13|0x0000000082900000, 0x0000000082900000, 0x0000000082a00000|  0%| F|  |TAMS 0x0000000082900000, 0x0000000082900000| Untracked 
|  14|0x0000000082a00000, 0x0000000082a00000, 0x0000000082b00000|  0%| F|  |TAMS 0x0000000082a00000, 0x0000000082a00000| Untracked 
|  15|0x0000000082b00000, 0x0000000082b00000, 0x0000000082c00000|  0%| F|  |TAMS 0x0000000082b00000, 0x0000000082b00000| Untracked 
|  16|0x0000000082c00000, 0x0000000082c00000, 0x0000000082d00000|  0%| F|  |TAMS 0x0000000082c00000, 0x0000000082c00000| Untracked 
|  17|0x0000000082d00000, 0x0000000082d00000, 0x0000000082e00000|  0%| F|  |TAMS 0x0000000082d00000, 0x0000000082d00000| Untracked 
|  18|0x0000000082e00000, 0x0000000082e00000, 0x0000000082f00000|  0%| F|  |TAMS 0x0000000082e00000, 0x0000000082e00000| Untracked 
|  19|0x0000000082f00000, 0x0000000082f00000, 0x0000000083000000|  0%| F|  |TAMS 0x0000000082f00000, 0x0000000082f00000| Untracked 
|  20|0x0000000083000000, 0x0000000083000000, 0x0000000083100000|  0%| F|  |TAMS 0x0000000083000000, 0x0000000083000000| Untracked 
|  21|0x0000000083100000, 0x0000000083100000, 0x0000000083200000|  0%| F|  |TAMS 0x0000000083100000, 0x0000000083100000| Untracked 
|  22|0x0000000083200000, 0x0000000083200000, 0x0000000083300000|  0%| F|  |TAMS 0x0000000083200000, 0x0000000083200000| Untracked 
|  23|0x0000000083300000, 0x0000000083300000, 0x0000000083400000|  0%| F|  |TAMS 0x0000000083300000, 0x0000000083300000| Untracked 
|  24|0x0000000083400000, 0x0000000083400000, 0x0000000083500000|  0%| F|  |TAMS 0x0000000083400000, 0x0000000083400000| Untracked 
|  25|0x0000000083500000, 0x0000000083500000, 0x0000000083600000|  0%| F|  |TAMS 0x0000000083500000, 0x0000000083500000| Untracked 
|  26|0x0000000083600000, 0x0000000083600000, 0x0000000083700000|  0%| F|  |TAMS 0x0000000083600000, 0x0000000083600000| Untracked 
|  27|0x0000000083700000, 0x0000000083700000, 0x0000000083800000|  0%| F|  |TAMS 0x0000000083700000, 0x0000000083700000| Untracked 
|  28|0x0000000083800000, 0x0000000083800000, 0x0000000083900000|  0%| F|  |TAMS 0x0000000083800000, 0x0000000083800000| Untracked 
|  29|0x0000000083900000, 0x0000000083900000, 0x0000000083a00000|  0%| F|  |TAMS 0x0000000083900000, 0x0000000083900000| Untracked 
|  30|0x0000000083a00000, 0x0000000083a00000, 0x0000000083b00000|  0%| F|  |TAMS 0x0000000083a00000, 0x0000000083a00000| Untracked 
|  31|0x0000000083b00000, 0x0000000083b00000, 0x0000000083c00000|  0%| F|  |TAMS 0x0000000083b00000, 0x0000000083b00000| Untracked 
|  32|0x0000000083c00000, 0x0000000083c00000, 0x0000000083d00000|  0%| F|  |TAMS 0x0000000083c00000, 0x0000000083c00000| Untracked 
|  33|0x0000000083d00000, 0x0000000083d00000, 0x0000000083e00000|  0%| F|  |TAMS 0x0000000083d00000, 0x0000000083d00000| Untracked 
|  34|0x0000000083e00000, 0x0000000083e00000, 0x0000000083f00000|  0%| F|  |TAMS 0x0000000083e00000, 0x0000000083e00000| Untracked 
|  35|0x0000000083f00000, 0x0000000083f00000, 0x0000000084000000|  0%| F|  |TAMS 0x0000000083f00000, 0x0000000083f00000| Untracked 
|  36|0x0000000084000000, 0x0000000084000000, 0x0000000084100000|  0%| F|  |TAMS 0x0000000084000000, 0x0000000084000000| Untracked 
|  37|0x0000000084100000, 0x0000000084100000, 0x0000000084200000|  0%| F|  |TAMS 0x0000000084100000, 0x0000000084100000| Untracked 
|  38|0x0000000084200000, 0x0000000084200000, 0x0000000084300000|  0%| F|  |TAMS 0x0000000084200000, 0x0000000084200000| Untracked 
|  39|0x0000000084300000, 0x0000000084300000, 0x0000000084400000|  0%| F|  |TAMS 0x0000000084300000, 0x0000000084300000| Untracked 
|  40|0x0000000084400000, 0x0000000084400000, 0x0000000084500000|  0%| F|  |TAMS 0x0000000084400000, 0x0000000084400000| Untracked 
|  41|0x0000000084500000, 0x0000000084500000, 0x0000000084600000|  0%| F|  |TAMS 0x0000000084500000, 0x0000000084500000| Untracked 
|  42|0x0000000084600000, 0x0000000084600000, 0x0000000084700000|  0%| F|  |TAMS 0x0000000084600000, 0x0000000084600000| Untracked 
|  43|0x0000000084700000, 0x0000000084700000, 0x0000000084800000|  0%| F|  |TAMS 0x0000000084700000, 0x0000000084700000| Untracked 
|  44|0x0000000084800000, 0x0000000084800000, 0x0000000084900000|  0%| F|  |TAMS 0x0000000084800000, 0x0000000084800000| Untracked 
|  45|0x0000000084900000, 0x0000000084900000, 0x0000000084a00000|  0%| F|  |TAMS 0x0000000084900000, 0x0000000084900000| Untracked 
|  46|0x0000000084a00000, 0x0000000084a00000, 0x0000000084b00000|  0%| F|  |TAMS 0x0000000084a00000, 0x0000000084a00000| Untracked 
|  47|0x0000000084b00000, 0x0000000084b00000, 0x0000000084c00000|  0%| F|  |TAMS 0x0000000084b00000, 0x0000000084b00000| Untracked 
|  48|0x0000000084c00000, 0x0000000084c00000, 0x0000000084d00000|  0%| F|  |TAMS 0x0000000084c00000, 0x0000000084c00000| Untracked 
|  49|0x0000000084d00000, 0x0000000084d00000, 0x0000000084e00000|  0%| F|  |TAMS 0x0000000084d00000, 0x0000000084d00000| Untracked 
|  50|0x0000000084e00000, 0x0000000084e00000, 0x0000000084f00000|  0%| F|  |TAMS 0x0000000084e00000, 0x0000000084e00000| Untracked 
|  51|0x0000000084f00000, 0x0000000084f00000, 0x0000000085000000|  0%| F|  |TAMS 0x0000000084f00000, 0x0000000084f00000| Untracked 
|  52|0x0000000085000000, 0x0000000085000000, 0x0000000085100000|  0%| F|  |TAMS 0x0000000085000000, 0x0000000085000000| Untracked 
|  53|0x0000000085100000, 0x0000000085100000, 0x0000000085200000|  0%| F|  |TAMS 0x0000000085100000, 0x0000000085100000| Untracked 
|  54|0x0000000085200000, 0x0000000085200000, 0x0000000085300000|  0%| F|  |TAMS 0x0000000085200000, 0x0000000085200000| Untracked 
|  55|0x0000000085300000, 0x0000000085300000, 0x0000000085400000|  0%| F|  |TAMS 0x0000000085300000, 0x0000000085300000| Untracked 
|  56|0x0000000085400000, 0x0000000085400000, 0x0000000085500000|  0%| F|  |TAMS 0x0000000085400000, 0x0000000085400000| Untracked 
|  57|0x0000000085500000, 0x0000000085500000, 0x0000000085600000|  0%| F|  |TAMS 0x0000000085500000, 0x0000000085500000| Untracked 
|  58|0x0000000085600000, 0x0000000085600000, 0x0000000085700000|  0%| F|  |TAMS 0x0000000085600000, 0x0000000085600000| Untracked 
|  59|0x0000000085700000, 0x0000000085700000, 0x0000000085800000|  0%| F|  |TAMS 0x0000000085700000, 0x0000000085700000| Untracked 
|  60|0x0000000085800000, 0x0000000085800000, 0x0000000085900000|  0%| F|  |TAMS 0x0000000085800000, 0x0000000085800000| Untracked 
|  61|0x0000000085900000, 0x0000000085900000, 0x0000000085a00000|  0%| F|  |TAMS 0x0000000085900000, 0x0000000085900000| Untracked 
|  62|0x0000000085a00000, 0x0000000085a00000, 0x0000000085b00000|  0%| F|  |TAMS 0x0000000085a00000, 0x0000000085a00000| Untracked 
|  63|0x0000000085b00000, 0x0000000085b00000, 0x0000000085c00000|  0%| F|  |TAMS 0x0000000085b00000, 0x0000000085b00000| Untracked 
|  64|0x0000000085c00000, 0x0000000085c00000, 0x0000000085d00000|  0%| F|  |TAMS 0x0000000085c00000, 0x0000000085c00000| Untracked 
|  65|0x0000000085d00000, 0x0000000085d00000, 0x0000000085e00000|  0%| F|  |TAMS 0x0000000085d00000, 0x0000000085d00000| Untracked 
|  66|0x0000000085e00000, 0x0000000085e00000, 0x0000000085f00000|  0%| F|  |TAMS 0x0000000085e00000, 0x0000000085e00000| Untracked 
|  67|0x0000000085f00000, 0x0000000085f00000, 0x0000000086000000|  0%| F|  |TAMS 0x0000000085f00000, 0x0000000085f00000| Untracked 
|  68|0x0000000086000000, 0x0000000086000000, 0x0000000086100000|  0%| F|  |TAMS 0x0000000086000000, 0x0000000086000000| Untracked 
|  69|0x0000000086100000, 0x0000000086100000, 0x0000000086200000|  0%| F|  |TAMS 0x0000000086100000, 0x0000000086100000| Untracked 
|  70|0x0000000086200000, 0x0000000086200000, 0x0000000086300000|  0%| F|  |TAMS 0x0000000086200000, 0x0000000086200000| Untracked 
|  71|0x0000000086300000, 0x0000000086300000, 0x0000000086400000|  0%| F|  |TAMS 0x0000000086300000, 0x0000000086300000| Untracked 
|  72|0x0000000086400000, 0x0000000086400000, 0x0000000086500000|  0%| F|  |TAMS 0x0000000086400000, 0x0000000086400000| Untracked 
|  73|0x0000000086500000, 0x0000000086500000, 0x0000000086600000|  0%| F|  |TAMS 0x0000000086500000, 0x0000000086500000| Untracked 
|  74|0x0000000086600000, 0x0000000086600000, 0x0000000086700000|  0%| F|  |TAMS 0x0000000086600000, 0x0000000086600000| Untracked 
|  75|0x0000000086700000, 0x0000000086700000, 0x0000000086800000|  0%| F|  |TAMS 0x0000000086700000, 0x0000000086700000| Untracked 
|  76|0x0000000086800000, 0x0000000086800000, 0x0000000086900000|  0%| F|  |TAMS 0x0000000086800000, 0x0000000086800000| Untracked 
|  77|0x0000000086900000, 0x0000000086900000, 0x0000000086a00000|  0%| F|  |TAMS 0x0000000086900000, 0x0000000086900000| Untracked 
|  78|0x0000000086a00000, 0x0000000086a00000, 0x0000000086b00000|  0%| F|  |TAMS 0x0000000086a00000, 0x0000000086a00000| Untracked 
|  79|0x0000000086b00000, 0x0000000086b00000, 0x0000000086c00000|  0%| F|  |TAMS 0x0000000086b00000, 0x0000000086b00000| Untracked 
|  80|0x0000000086c00000, 0x0000000086c00000, 0x0000000086d00000|  0%| F|  |TAMS 0x0000000086c00000, 0x0000000086c00000| Untracked 
|  81|0x0000000086d00000, 0x0000000086d00000, 0x0000000086e00000|  0%| F|  |TAMS 0x0000000086d00000, 0x0000000086d00000| Untracked 
|  82|0x0000000086e00000, 0x0000000086e00000, 0x0000000086f00000|  0%| F|  |TAMS 0x0000000086e00000, 0x0000000086e00000| Untracked 
|  83|0x0000000086f00000, 0x0000000086f00000, 0x0000000087000000|  0%| F|  |TAMS 0x0000000086f00000, 0x0000000086f00000| Untracked 
|  84|0x0000000087000000, 0x0000000087000000, 0x0000000087100000|  0%| F|  |TAMS 0x0000000087000000, 0x0000000087000000| Untracked 
|  85|0x0000000087100000, 0x0000000087100000, 0x0000000087200000|  0%| F|  |TAMS 0x0000000087100000, 0x0000000087100000| Untracked 
|  86|0x0000000087200000, 0x0000000087200000, 0x0000000087300000|  0%| F|  |TAMS 0x0000000087200000, 0x0000000087200000| Untracked 
|  87|0x0000000087300000, 0x0000000087300000, 0x0000000087400000|  0%| F|  |TAMS 0x0000000087300000, 0x0000000087300000| Untracked 
|  88|0x0000000087400000, 0x0000000087400000, 0x0000000087500000|  0%| F|  |TAMS 0x0000000087400000, 0x0000000087400000| Untracked 
|  89|0x0000000087500000, 0x0000000087500000, 0x0000000087600000|  0%| F|  |TAMS 0x0000000087500000, 0x0000000087500000| Untracked 
|  90|0x0000000087600000, 0x0000000087600000, 0x0000000087700000|  0%| F|  |TAMS 0x0000000087600000, 0x0000000087600000| Untracked 
|  91|0x0000000087700000, 0x0000000087700000, 0x0000000087800000|  0%| F|  |TAMS 0x0000000087700000, 0x0000000087700000| Untracked 
|  92|0x0000000087800000, 0x0000000087800000, 0x0000000087900000|  0%| F|  |TAMS 0x0000000087800000, 0x0000000087800000| Untracked 
|  93|0x0000000087900000, 0x0000000087900000, 0x0000000087a00000|  0%| F|  |TAMS 0x0000000087900000, 0x0000000087900000| Untracked 
|  94|0x0000000087a00000, 0x0000000087a00000, 0x0000000087b00000|  0%| F|  |TAMS 0x0000000087a00000, 0x0000000087a00000| Untracked 
|  95|0x0000000087b00000, 0x0000000087b00000, 0x0000000087c00000|  0%| F|  |TAMS 0x0000000087b00000, 0x0000000087b00000| Untracked 
|  96|0x0000000087c00000, 0x0000000087c00000, 0x0000000087d00000|  0%| F|  |TAMS 0x0000000087c00000, 0x0000000087c00000| Untracked 
|  97|0x0000000087d00000, 0x0000000087d00000, 0x0000000087e00000|  0%| F|  |TAMS 0x0000000087d00000, 0x0000000087d00000| Untracked 
|  98|0x0000000087e00000, 0x0000000087e00000, 0x0000000087f00000|  0%| F|  |TAMS 0x0000000087e00000, 0x0000000087e00000| Untracked 
|  99|0x0000000087f00000, 0x0000000087f00000, 0x0000000088000000|  0%| F|  |TAMS 0x0000000087f00000, 0x0000000087f00000| Untracked 
| 100|0x0000000088000000, 0x0000000088000000, 0x0000000088100000|  0%| F|  |TAMS 0x0000000088000000, 0x0000000088000000| Untracked 
| 101|0x0000000088100000, 0x0000000088100000, 0x0000000088200000|  0%| F|  |TAMS 0x0000000088100000, 0x0000000088100000| Untracked 
| 102|0x0000000088200000, 0x0000000088200000, 0x0000000088300000|  0%| F|  |TAMS 0x0000000088200000, 0x0000000088200000| Untracked 
| 103|0x0000000088300000, 0x0000000088300000, 0x0000000088400000|  0%| F|  |TAMS 0x0000000088300000, 0x0000000088300000| Untracked 
| 104|0x0000000088400000, 0x0000000088400000, 0x0000000088500000|  0%| F|  |TAMS 0x0000000088400000, 0x0000000088400000| Untracked 
| 105|0x0000000088500000, 0x0000000088500000, 0x0000000088600000|  0%| F|  |TAMS 0x0000000088500000, 0x0000000088500000| Untracked 
| 106|0x0000000088600000, 0x0000000088600000, 0x0000000088700000|  0%| F|  |TAMS 0x0000000088600000, 0x0000000088600000| Untracked 
| 107|0x0000000088700000, 0x0000000088700000, 0x0000000088800000|  0%| F|  |TAMS 0x0000000088700000, 0x0000000088700000| Untracked 
| 108|0x0000000088800000, 0x0000000088800000, 0x0000000088900000|  0%| F|  |TAMS 0x0000000088800000, 0x0000000088800000| Untracked 
| 109|0x0000000088900000, 0x0000000088900000, 0x0000000088a00000|  0%| F|  |TAMS 0x0000000088900000, 0x0000000088900000| Untracked 
| 110|0x0000000088a00000, 0x0000000088a00000, 0x0000000088b00000|  0%| F|  |TAMS 0x0000000088a00000, 0x0000000088a00000| Untracked 
| 111|0x0000000088b00000, 0x0000000088b00000, 0x0000000088c00000|  0%| F|  |TAMS 0x0000000088b00000, 0x0000000088b00000| Untracked 
| 112|0x0000000088c00000, 0x0000000088c00000, 0x0000000088d00000|  0%| F|  |TAMS 0x0000000088c00000, 0x0000000088c00000| Untracked 
| 113|0x0000000088d00000, 0x0000000088d00000, 0x0000000088e00000|  0%| F|  |TAMS 0x0000000088d00000, 0x0000000088d00000| Untracked 
| 114|0x0000000088e00000, 0x0000000088e00000, 0x0000000088f00000|  0%| F|  |TAMS 0x0000000088e00000, 0x0000000088e00000| Untracked 
| 115|0x0000000088f00000, 0x0000000088f00000, 0x0000000089000000|  0%| F|  |TAMS 0x0000000088f00000, 0x0000000088f00000| Untracked 
| 116|0x0000000089000000, 0x0000000089000000, 0x0000000089100000|  0%| F|  |TAMS 0x0000000089000000, 0x0000000089000000| Untracked 
| 117|0x0000000089100000, 0x0000000089100000, 0x0000000089200000|  0%| F|  |TAMS 0x0000000089100000, 0x0000000089100000| Untracked 
| 118|0x0000000089200000, 0x0000000089200000, 0x0000000089300000|  0%| F|  |TAMS 0x0000000089200000, 0x0000000089200000| Untracked 
| 119|0x0000000089300000, 0x0000000089300000, 0x0000000089400000|  0%| F|  |TAMS 0x0000000089300000, 0x0000000089300000| Untracked 
| 120|0x0000000089400000, 0x0000000089400000, 0x0000000089500000|  0%| F|  |TAMS 0x0000000089400000, 0x0000000089400000| Untracked 
| 121|0x0000000089500000, 0x0000000089500000, 0x0000000089600000|  0%| F|  |TAMS 0x0000000089500000, 0x0000000089500000| Untracked 
| 122|0x0000000089600000, 0x0000000089600000, 0x0000000089700000|  0%| F|  |TAMS 0x0000000089600000, 0x0000000089600000| Untracked 
| 123|0x0000000089700000, 0x0000000089700000, 0x0000000089800000|  0%| F|  |TAMS 0x0000000089700000, 0x0000000089700000| Untracked 
| 124|0x0000000089800000, 0x0000000089800000, 0x0000000089900000|  0%| F|  |TAMS 0x0000000089800000, 0x0000000089800000| Untracked 
| 125|0x0000000089900000, 0x00000000899ec470, 0x0000000089a00000| 92%| E|  |TAMS 0x0000000089900000, 0x0000000089900000| Complete 
| 126|0x0000000089a00000, 0x0000000089b00000, 0x0000000089b00000|100%| E|CS|TAMS 0x0000000089a00000, 0x0000000089a00000| Complete 
| 127|0x0000000089b00000, 0x0000000089c00000, 0x0000000089c00000|100%| E|CS|TAMS 0x0000000089b00000, 0x0000000089b00000| Complete 

Card table byte_map: [0x000001dd5d810000,0x000001dd5dc10000] _byte_map_base: 0x000001dd5d402000

Marking Bits (Prev, Next): (CMBitMap*) 0x000001dd448d0270, (CMBitMap*) 0x000001dd448d02b0
 Prev Bits: [0x000001dd5e010000, 0x000001dd5ffa0000)
 Next Bits: [0x000001dd5ffa0000, 0x000001dd61f30000)

Polling page: 0x000001dd44940000

Metaspace:

Usage:
  Non-class:      1.61 MB used.
      Class:    187.98 KB used.
       Both:      1.80 MB used.

Virtual space:
  Non-class space:       64.00 MB reserved,       1.69 MB (  3%) committed,  1 nodes.
      Class space:        1.00 GB reserved,     256.00 KB ( <1%) committed,  1 nodes.
             Both:        1.06 GB reserved,       1.94 MB ( <1%) committed. 

Chunk freelists:
   Non-Class:  3.81 MB
       Class:  3.71 MB
        Both:  7.52 MB

MaxMetaspaceSize: unlimited
CompressedClassSpaceSize: 1.00 GB
Initial GC threshold: 21.00 MB
Current GC threshold: 21.00 MB
CDS: on
MetaspaceReclaimPolicy: balanced
 - commit_granule_bytes: 65536.
 - commit_granule_words: 8192.
 - virtual_space_node_default_size: 8388608.
 - enlarge_chunks_in_place: 1.
 - new_chunks_are_fully_committed: 0.
 - uncommit_free_chunks: 1.
 - use_allocation_guard: 0.


Internal statistics:

num_allocs_failed_limit: 0.
num_arena_births: 42.
num_arena_deaths: 0.
num_vsnodes_births: 2.
num_vsnodes_deaths: 0.
num_space_committed: 31.
num_space_uncommitted: 0.
num_chunks_returned_to_freelist: 0.
num_chunks_taken_from_freelist: 60.
num_chunk_merges: 0.
num_chunk_splits: 36.
num_chunks_enlarged: 21.
num_inconsistent_stats: 0.

CodeHeap 'non-profiled nmethods': size=120000Kb used=101Kb max_used=101Kb free=119899Kb
 bounds [0x000001dd55480000, 0x000001dd556f0000, 0x000001dd5c9b0000]
CodeHeap 'profiled nmethods': size=120000Kb used=463Kb max_used=463Kb free=119536Kb
 bounds [0x000001dd4df50000, 0x000001dd4e1c0000, 0x000001dd55480000]
CodeHeap 'non-nmethods': size=5760Kb used=1141Kb max_used=1154Kb free=4618Kb
 bounds [0x000001dd4d9b0000, 0x000001dd4dc20000, 0x000001dd4df50000]
 total_blobs=755 nmethods=339 adapters=329
 compilation: enabled
              stopped_count=0, restarted_count=0
 full_count=0

Compilation events (20 events):
Event: 0.184 Thread 0x000001dd649be180  316       1       java.lang.invoke.LambdaForm$BasicType::basicTypeClass (5 bytes)
Event: 0.184 Thread 0x000001dd649be180 nmethod 316 0x000001dd55498390 code [0x000001dd55498520, 0x000001dd554985f8]
Event: 0.184 Thread 0x000001dd649be180  326       1       java.lang.invoke.LambdaForm$Name::type (5 bytes)
Event: 0.185 Thread 0x000001dd649be180 nmethod 326 0x000001dd55498690 code [0x000001dd55498820, 0x000001dd554988f8]
Event: 0.185 Thread 0x000001dd649be180  331       3       jdk.internal.org.objectweb.asm.ByteVector::put122 (93 bytes)
Event: 0.185 Thread 0x000001dd649be180 nmethod 331 0x000001dd4dfc0590 code [0x000001dd4dfc0740, 0x000001dd4dfc09c8]
Event: 0.185 Thread 0x000001dd649be180  332       3       java.lang.invoke.LambdaForm$Name::useCount (51 bytes)
Event: 0.185 Thread 0x000001dd649be180 nmethod 332 0x000001dd4dfc0b90 code [0x000001dd4dfc0d40, 0x000001dd4dfc0fb8]
Event: 0.185 Thread 0x000001dd649be180  333       3       jdk.internal.org.objectweb.asm.Frame::push (109 bytes)
Event: 0.185 Thread 0x000001dd649be180 nmethod 333 0x000001dd4dfc1090 code [0x000001dd4dfc1260, 0x000001dd4dfc17e8]
Event: 0.186 Thread 0x000001dd649be180  334       3       java.lang.invoke.MemberName::getReferenceKind (12 bytes)
Event: 0.186 Thread 0x000001dd649be180 nmethod 334 0x000001dd4dfc1990 code [0x000001dd4dfc1b20, 0x000001dd4dfc1c38]
Event: 0.188 Thread 0x000001dd649b4640  335       4       java.util.Objects::requireNonNull (14 bytes)
Event: 0.188 Thread 0x000001dd649b4640 nmethod 335 0x000001dd55498c90 code [0x000001dd55498e00, 0x000001dd55498e78]
Event: 0.191 Thread 0x000001dd649be180  336       3       java.lang.StringLatin1::replace (198 bytes)
Event: 0.192 Thread 0x000001dd649be180 nmethod 336 0x000001dd4dfc1d10 code [0x000001dd4dfc1fa0, 0x000001dd4dfc2d28]
Event: 0.192 Thread 0x000001dd649be180  337       3       java.lang.StringConcatHelper::newArray (26 bytes)
Event: 0.192 Thread 0x000001dd649be180 nmethod 337 0x000001dd4dfc3210 code [0x000001dd4dfc33c0, 0x000001dd4dfc3608]
Event: 0.192 Thread 0x000001dd649be180  338       3       jdk.internal.misc.Unsafe::allocateUninitializedArray (55 bytes)
Event: 0.192 Thread 0x000001dd649be180 nmethod 338 0x000001dd4dfc3710 code [0x000001dd4dfc3900, 0x000001dd4dfc3d78]

GC Heap History (0 events):
No events

Deoptimization events (0 events):
No events

Classes loaded (20 events):
Event: 0.185 Loading class jdk/internal/logger/SimpleConsoleLogger done
Event: 0.185 Loading class jdk/internal/logger/SurrogateLogger done
Event: 0.186 Loading class sun/util/logging/PlatformLogger
Event: 0.186 Loading class sun/util/logging/PlatformLogger done
Event: 0.186 Loading class sun/util/logging/PlatformLogger$Level
Event: 0.186 Loading class sun/util/logging/PlatformLogger$Level done
Event: 0.187 Loading class java/io/Reader
Event: 0.187 Loading class java/io/Reader done
Event: 0.187 Loading class java/io/InputStreamReader
Event: 0.187 Loading class java/io/InputStreamReader done
Event: 0.189 Loading class java/util/concurrent/BlockingQueue
Event: 0.189 Loading class java/util/concurrent/BlockingQueue done
Event: 0.189 Loading class java/util/concurrent/ArrayBlockingQueue
Event: 0.189 Loading class java/util/AbstractQueue
Event: 0.189 Loading class java/util/AbstractQueue done
Event: 0.189 Loading class java/util/concurrent/ArrayBlockingQueue done
Event: 0.190 Loading class java/util/concurrent/locks/AbstractQueuedSynchronizer$ConditionObject
Event: 0.190 Loading class java/util/concurrent/locks/Condition
Event: 0.190 Loading class java/util/concurrent/locks/Condition done
Event: 0.190 Loading class java/util/concurrent/locks/AbstractQueuedSynchronizer$ConditionObject done

Classes unloaded (0 events):
No events

Classes redefined (0 events):
No events

Internal exceptions (3 events):
Event: 0.074 Thread 0x000001dd4486e500 Exception <a 'java/lang/NoSuchMethodError'{0x0000000089a7b2a0}: 'java.lang.Object java.lang.invoke.DirectMethodHandle$Holder.invokeStaticInit(java.lang.Object)'> (0x0000000089a7b2a0) 
thrown [s\open\src\hotspot\share\interpreter\linkResolver.cpp, line 766]
Event: 0.099 Thread 0x000001dd4486e500 Exception <a 'java/lang/NoSuchMethodError'{0x0000000089ae6a00}: 'java.lang.Object java.lang.invoke.DirectMethodHandle$Holder.invokeStaticInit(java.lang.Object, int, int, int, int)'> (0x0000000089ae6a00) 
thrown [s\open\src\hotspot\share\interpreter\linkResolver.cpp, line 766]
Event: 0.169 Thread 0x000001dd4486e500 Exception <a 'java/lang/NoSuchMethodError'{0x00000000899797e8}: 'java.lang.Object java.lang.invoke.DirectMethodHandle$Holder.invokeStaticInit(java.lang.Object, java.lang.Object, int, int, int, int)'> (0x00000000899797e8) 
thrown [s\open\src\hotspot\share\interpreter\linkResolver.cpp, line 766]

VM Operations (2 events):
Event: 0.085 Executing VM operation: HandshakeAllThreads
Event: 0.085 Executing VM operation: HandshakeAllThreads done

Events (20 events):
Event: 0.014 Loaded shared library C:\Users\Laura\.jdks\openjdk-18.0.1.1\bin\jsvml.dll
Event: 0.014 Thread 0x000001dd4486e500 Thread added: 0x000001dd4486e500
Event: 0.016 Thread 0x000001dd64990b50 Thread added: 0x000001dd64990b50
Event: 0.016 Thread 0x000001dd649917b0 Thread added: 0x000001dd649917b0
Event: 0.026 Thread 0x000001dd649aafb0 Thread added: 0x000001dd649aafb0
Event: 0.026 Thread 0x000001dd649ac960 Thread added: 0x000001dd649ac960
Event: 0.026 Thread 0x000001dd649af850 Thread added: 0x000001dd649af850
Event: 0.026 Thread 0x000001dd649b3830 Thread added: 0x000001dd649b3830
Event: 0.026 Thread 0x000001dd649b4640 Thread added: 0x000001dd649b4640
Event: 0.026 Thread 0x000001dd649be180 Thread added: 0x000001dd649be180
Event: 0.027 Thread 0x000001dd649d2340 Thread added: 0x000001dd649d2340
Event: 0.042 Thread 0x000001dd68ca2800 Thread added: 0x000001dd68ca2800
Event: 0.045 Thread 0x000001dd68ca50f0 Thread added: 0x000001dd68ca50f0
Event: 0.048 Loaded shared library C:\Users\Laura\.jdks\openjdk-18.0.1.1\bin\jimage.dll
Event: 0.051 Loaded shared library C:\Users\Laura\.jdks\openjdk-18.0.1.1\bin\net.dll
Event: 0.064 Loaded shared library C:\Users\Laura\.jdks\openjdk-18.0.1.1\bin\nio.dll
Event: 0.066 Loaded shared library C:\Users\Laura\.jdks\openjdk-18.0.1.1\bin\zip.dll
Event: 0.175 Thread 0x000001dd68dc89c0 Thread added: 0x000001dd68dc89c0
Event: 0.189 Loaded shared library C:\Users\Laura\.jdks\openjdk-18.0.1.1\bin\verify.dll
Event: 0.195 Loaded shared library C:\Users\Laura\.jssc\windows\jSSC-2.8_x86_64.dll


Dynamic libraries:
0x00007ff6f5030000 - 0x00007ff6f503e000 	C:\Users\Laura\.jdks\openjdk-18.0.1.1\bin\java.exe
0x00007fffcbe50000 - 0x00007fffcc047000 	C:\WINDOWS\SYSTEM32\ntdll.dll
0x00007fffcadb0000 - 0x00007fffcae6d000 	C:\WINDOWS\System32\KERNEL32.DLL
0x00007fffc9710000 - 0x00007fffc99dd000 	C:\WINDOWS\System32\KERNELBASE.dll
0x00007fffc9570000 - 0x00007fffc9670000 	C:\WINDOWS\System32\ucrtbase.dll
0x00007fffb0ef0000 - 0x00007fffb0f0a000 	C:\Users\Laura\.jdks\openjdk-18.0.1.1\bin\VCRUNTIME140.dll
0x00007fffb75e0000 - 0x00007fffb75f7000 	C:\Users\Laura\.jdks\openjdk-18.0.1.1\bin\jli.dll
0x00007fffcb3a0000 - 0x00007fffcb540000 	C:\WINDOWS\System32\USER32.dll
0x00007fffc9e80000 - 0x00007fffc9ea2000 	C:\WINDOWS\System32\win32u.dll
0x00007fffcb190000 - 0x00007fffcb1ba000 	C:\WINDOWS\System32\GDI32.dll
0x00007fffc0fb0000 - 0x00007fffc124a000 	C:\WINDOWS\WinSxS\amd64_microsoft.windows.common-controls_6595b64144ccf1df_6.0.19041.1110_none_60b5254171f9507e\COMCTL32.dll
0x00007fffc9b00000 - 0x00007fffc9c0b000 	C:\WINDOWS\System32\gdi32full.dll
0x00007fffca920000 - 0x00007fffca9be000 	C:\WINDOWS\System32\msvcrt.dll
0x00007fffc9670000 - 0x00007fffc970d000 	C:\WINDOWS\System32\msvcp_win.dll
0x00007fffcab50000 - 0x00007fffcab80000 	C:\WINDOWS\System32\IMM32.DLL
0x00007fffa0ba0000 - 0x00007fffa0bac000 	C:\Users\Laura\.jdks\openjdk-18.0.1.1\bin\vcruntime140_1.dll
0x00007fff91ad0000 - 0x00007fff91b5d000 	C:\Users\Laura\.jdks\openjdk-18.0.1.1\bin\msvcp140.dll
0x00007fff4f740000 - 0x00007fff50350000 	C:\Users\Laura\.jdks\openjdk-18.0.1.1\bin\server\jvm.dll
0x00007fffcad00000 - 0x00007fffcadae000 	C:\WINDOWS\System32\ADVAPI32.dll
0x00007fffcac60000 - 0x00007fffcacfc000 	C:\WINDOWS\System32\sechost.dll
0x00007fffca7d0000 - 0x00007fffca8f5000 	C:\WINDOWS\System32\RPCRT4.dll
0x00007fffcaf60000 - 0x00007fffcaf68000 	C:\WINDOWS\System32\PSAPI.DLL
0x00007fffb5e80000 - 0x00007fffb5ea7000 	C:\WINDOWS\SYSTEM32\WINMM.dll
0x00007fffc42a0000 - 0x00007fffc42a9000 	C:\WINDOWS\SYSTEM32\WSOCK32.dll
0x00007fffc0d10000 - 0x00007fffc0d1a000 	C:\WINDOWS\SYSTEM32\VERSION.dll
0x00007fffcaf70000 - 0x00007fffcafdb000 	C:\WINDOWS\System32\WS2_32.dll
0x00007fffc7e30000 - 0x00007fffc7e42000 	C:\WINDOWS\SYSTEM32\kernel.appcore.dll
0x00007fffa0b90000 - 0x00007fffa0b9a000 	C:\Users\Laura\.jdks\openjdk-18.0.1.1\bin\jimage.dll
0x00007fffc7370000 - 0x00007fffc7554000 	C:\WINDOWS\SYSTEM32\DBGHELP.DLL
0x00007fffb7cc0000 - 0x00007fffb7cec000 	C:\WINDOWS\SYSTEM32\dbgcore.DLL
0x00007fffc9df0000 - 0x00007fffc9e72000 	C:\WINDOWS\System32\bcryptPrimitives.dll
0x00007fffa0b60000 - 0x00007fffa0b85000 	C:\Users\Laura\.jdks\openjdk-18.0.1.1\bin\java.dll
0x00007fff89bd0000 - 0x00007fff89ca6000 	C:\Users\Laura\.jdks\openjdk-18.0.1.1\bin\jsvml.dll
0x00007fffcb6c0000 - 0x00007fffcbe04000 	C:\WINDOWS\System32\SHELL32.dll
0x00007fffc7650000 - 0x00007fffc7de4000 	C:\WINDOWS\SYSTEM32\windows.storage.dll
0x00007fffc9eb0000 - 0x00007fffca204000 	C:\WINDOWS\System32\combase.dll
0x00007fffc8f00000 - 0x00007fffc8f2c000 	C:\WINDOWS\SYSTEM32\Wldp.dll
0x00007fffcaaa0000 - 0x00007fffcab4d000 	C:\WINDOWS\System32\SHCORE.dll
0x00007fffcaf00000 - 0x00007fffcaf55000 	C:\WINDOWS\System32\shlwapi.dll
0x00007fffc94b0000 - 0x00007fffc94cf000 	C:\WINDOWS\SYSTEM32\profapi.dll
0x00007fff9e8d0000 - 0x00007fff9e8e3000 	C:\Users\Laura\.jdks\openjdk-18.0.1.1\bin\net.dll
0x00007fffb69a0000 - 0x00007fffb6aaa000 	C:\WINDOWS\SYSTEM32\WINHTTP.dll
0x00007fffc8c60000 - 0x00007fffc8cca000 	C:\WINDOWS\system32\mswsock.dll
0x00007fff9e8b0000 - 0x00007fff9e8c6000 	C:\Users\Laura\.jdks\openjdk-18.0.1.1\bin\nio.dll
0x00007fff9e890000 - 0x00007fff9e8a8000 	C:\Users\Laura\.jdks\openjdk-18.0.1.1\bin\zip.dll
0x00007fffc8950000 - 0x00007fffc898b000 	C:\WINDOWS\SYSTEM32\IPHLPAPI.DLL
0x00007fffca340000 - 0x00007fffca348000 	C:\WINDOWS\System32\NSI.dll
0x00007fffc2610000 - 0x00007fffc2627000 	C:\WINDOWS\SYSTEM32\dhcpcsvc6.DLL
0x00007fffc2bf0000 - 0x00007fffc2c0d000 	C:\WINDOWS\SYSTEM32\dhcpcsvc.DLL
0x00007fffc8990000 - 0x00007fffc8a5b000 	C:\WINDOWS\SYSTEM32\DNSAPI.dll
0x00007fffc8e50000 - 0x00007fffc8e68000 	C:\WINDOWS\SYSTEM32\CRYPTSP.dll
0x00007fffc85e0000 - 0x00007fffc8614000 	C:\WINDOWS\system32\rsaenh.dll
0x00007fffc9dc0000 - 0x00007fffc9de7000 	C:\WINDOWS\System32\bcrypt.dll
0x00007fffc9430000 - 0x00007fffc945e000 	C:\WINDOWS\SYSTEM32\USERENV.dll
0x00007fffc8e70000 - 0x00007fffc8e7c000 	C:\WINDOWS\SYSTEM32\CRYPTBASE.dll
0x00007fff9f6b0000 - 0x00007fff9f6c0000 	C:\Users\Laura\.jdks\openjdk-18.0.1.1\bin\verify.dll
0x0000000071100000 - 0x0000000071125000 	C:\Users\Laura\.jssc\windows\jSSC-2.8_x86_64.dll

dbghelp: loaded successfully - version: 4.0.5 - missing functions: none
symbol engine: initialized successfully - sym options: 0x614 - pdb path: .;C:\Users\Laura\.jdks\openjdk-18.0.1.1\bin;C:\WINDOWS\SYSTEM32;C:\WINDOWS\WinSxS\amd64_microsoft.windows.common-controls_6595b64144ccf1df_6.0.19041.1110_none_60b5254171f9507e;C:\Users\Laura\.jdks\openjdk-18.0.1.1\bin\server;C:\Users\Laura\.jssc\windows

VM Arguments:
jvm_args: -Dfile.encoding=windows-1252 -Duser.country=IT -Duser.language=it -Duser.variant 
java_command: Test
java_class_path (initial): C:\Users\Laura\Documents\GitHub\Assignment3\src\garden-service\prova_http_by_sofi\build\classes\java\main;C:\Users\Laura\Documents\GitHub\Assignment3\src\garden-service\prova_http_by_sofi\build\resources\main;C:\Users\Laura\Documents\GitHub\Assignment3\src\garden-service\prova_http_by_sofi\httpclient-4.5.6.jar;C:\Users\Laura\.gradle\caches\modules-2\files-2.1\junit\junit\4.13.1\cdd00374f1fee76b11e2a9d127405aa3f6be5b6a\junit-4.13.1.jar;C:\Users\Laura\.gradle\caches\modules-2\files-2.1\org.scream3r\jssc\2.8.0\7e8d93052a8743a7937a6d46854057ac1ce876c1\jssc-2.8.0.jar;C:\Users\Laura\.gradle\caches\modules-2\files-2.1\org.hamcrest\hamcrest-core\1.3\42a25dc3219429f0e5d060061f71acb49bf010a0\hamcrest-core-1.3.jar
Launcher Type: SUN_STANDARD

[Global flags]
     intx CICompilerCount                          = 4                                         {product} {ergonomic}
     uint ConcGCThreads                            = 2                                         {product} {ergonomic}
     uint G1ConcRefinementThreads                  = 8                                         {product} {ergonomic}
   size_t G1HeapRegionSize                         = 1048576                                   {product} {ergonomic}
    uintx GCDrainStackTargetSize                   = 64                                        {product} {ergonomic}
   size_t InitialHeapSize                          = 134217728                                 {product} {ergonomic}
   size_t MarkStackSize                            = 4194304                                   {product} {ergonomic}
   size_t MaxHeapSize                              = 2118123520                                {product} {ergonomic}
   size_t MaxNewSize                               = 1270874112                                {product} {ergonomic}
   size_t MinHeapDeltaBytes                        = 1048576                                   {product} {ergonomic}
   size_t MinHeapSize                              = 8388608                                   {product} {ergonomic}
    uintx NonNMethodCodeHeapSize                   = 5839372                                {pd product} {ergonomic}
    uintx NonProfiledCodeHeapSize                  = 122909434                              {pd product} {ergonomic}
    uintx ProfiledCodeHeapSize                     = 122909434                              {pd product} {ergonomic}
    uintx ReservedCodeCacheSize                    = 251658240                              {pd product} {ergonomic}
     bool SegmentedCodeCache                       = true                                      {product} {ergonomic}
   size_t SoftMaxHeapSize                          = 2118123520                             {manageable} {ergonomic}
     bool UseCompressedClassPointers               = true                           {product lp64_product} {ergonomic}
     bool UseCompressedOops                        = true                           {product lp64_product} {ergonomic}
     bool UseG1GC                                  = true                                      {product} {ergonomic}
     bool UseLargePagesIndividualAllocation        = false                                  {pd product} {ergonomic}

Logging:
Log output configuration:
 #0: stdout all=warning uptime,level,tags foldmultilines=false
 #1: stderr all=off uptime,level,tags foldmultilines=false

Environment Variables:
JAVA_HOME=C:\Program Files\AdoptOpenJDK\jdk-hotspot
PATH=C:\Program Files\AdoptOpenJDK\jdk-11.0.8.10-hotspot\bin;C:\WINDOWS\system32;C:\WINDOWS;C:\WINDOWS\System32\Wbem;C:\WINDOWS\System32\WindowsPowerShell\v1.0\;C:\WINDOWS\System32\OpenSSH\;C:\Program Files\AdoptOpenJDK\jdk-hotspot\bin;C:\Program Files\Git\cmd;C:\Program Files\dotnet\;C:\Program Files\PuTTY\;C:\Program Files\MySQL\MySQL Shell 8.0\bin\;C:\Users\Laura\AppData\Local\Microsoft\WindowsApps;C:\Users\Laura\AppData\Local\Programs\MiKTeX\miktex\bin\x64\;C:\Users\Laura\.dotnet\tools;C:\Users\Laura\AppData\Local\Programs\Microsoft VS Code\bin;C:\Users\Laura\AppData\Local\GitHubDesktop\bin
USERNAME=Laura
OS=Windows_NT
PROCESSOR_IDENTIFIER=Intel64 Family 6 Model 142 Stepping 12, GenuineIntel



---------------  S Y S T E M  ---------------

OS:
 Windows 10 , 64 bit Build 19041 (10.0.19041.1741)
OS uptime: 9 days 17:24 hours

CPU: total 8 (initial active 8) (4 cores per cpu, 2 threads per core) family 6 model 142 stepping 12 microcode 0xca, cx8, cmov, fxsr, ht, mmx, 3dnowpref, sse, sse2, sse3, ssse3, sse4.1, sse4.2, popcnt, lzcnt, tsc, tscinvbit, avx, avx2, aes, erms, clmul, bmi1, bmi2, adx, fma, vzeroupper, clflush, clflushopt

Memory: 4k page, system-wide physical 8078M (1340M free)
TotalPageFile size 16100M (AvailPageFile size 2753M)
current process WorkingSet (physical memory assigned to process): 38M, peak: 38M
current process commit charge ("private bytes"): 213M, peak: 213M

vm_info: OpenJDK 64-Bit Server VM (18.0.1.1+2-6) for windows-amd64 JRE (18.0.1.1+2-6), built on Apr 25 2022 21:50:56 by "mach5one" with MS VC++ 16.8 / 16.9 (VS2019)

END.
